#
# A fatal error has been detected by the Java Runtime Environment:
#
#  EXCEPTION_ACCESS_VIOLATION (0xc0000005) at pc=0x00007ffa88cfb766, pid=16824, tid=2856
#
# JRE version: Java(TM) SE Runtime Environment (15.0.2+7) (build 15.0.2+7-27)
# Java VM: Java HotSpot(TM) 64-Bit Server VM (15.0.2+7-27, mixed mode, sharing, tiered, compressed oops, g1 gc, windows-amd64)
# Problematic frame:
# C  [glass.dll+0x1b766]
#
# No core dump will be written. Minidumps are not enabled by default on client versions of Windows
#
# If you would like to submit a bug report, please visit:
#   https://bugreport.java.com/bugreport/crash.jsp
# The crash happened outside the Java Virtual Machine in native code.
# See problematic frame for where to report the bug.
#

---------------  S U M M A R Y ------------

Command Line: --module-path=C:\Users\olisavo\IdeaProjects\LaevadePommitamine\Kood\must-ruut-develop\build\classes\java\main;C:\Users\olisavo\IdeaProjects\LaevadePommitamine\Kood\must-ruut-develop\build\resources\main;C:\Users\olisavo\.gradle\caches\modules-2\files-2.1\org.openjfx\javafx-fxml\13\ee55786ffd820bb7c8dd43d127a54b1141639e29\javafx-fxml-13-win.jar;C:\Users\olisavo\.gradle\caches\modules-2\files-2.1\org.openjfx\javafx-controls\13\7524fd4ab57de51637adb0e99f0220a1ae0ae4dd\javafx-controls-13-win.jar;C:\Users\olisavo\.gradle\caches\modules-2\files-2.1\org.openjfx\javafx-controls\13\6cd7169d2a729846c35fba9dc65af23a10ca253b\javafx-controls-13.jar;C:\Users\olisavo\.gradle\caches\modules-2\files-2.1\org.openjfx\javafx-graphics\13\bbcbc616702a086567585183efcb0ab8eb22a66b\javafx-graphics-13-win.jar;C:\Users\olisavo\.gradle\caches\modules-2\files-2.1\org.openjfx\javafx-graphics\13\a9407212df2b75d557a509ec14a9e8e282494b4e\javafx-graphics-13.jar;C:\Users\olisavo\.gradle\caches\modules-2\files-2.1\org.openjfx\javafx-base\13\6386f02a2b71d8b503c6ca3cd2d2dcb382ce86b4\javafx-base-13-win.jar;C:\Users\olisavo\.gradle\caches\modules-2\files-2.1\org.openjfx\javafx-base\13\43c52e1d11b38514e9d2421ad98ca6a35de12b0\javafx-base-13.jar -Djdk.module.main=must.ruut must.ruut/oop.Graafika_Peaklass -Dfile.encoding=windows-1257 -Duser.country=EE -Duser.language=et -Duser.variant oop.Graafika_Peaklass

Host: Intel(R) Core(TM) i5-8265U CPU @ 1.60GHz, 8 cores, 15G,  Windows 10 , 64 bit Build 19041 (10.0.19041.928)
Time: Wed May 12 13:13:34 2021 FLE suveaeg elapsed time: 12.664596 seconds (0d 0h 0m 12s)

---------------  T H R E A D  ---------------

Current thread (0x000001d34ddc98f0):  JavaThread "JavaFX Application Thread" [_thread_in_native, id=2856, stack(0x000000a6de800000,0x000000a6de900000)]

Stack: [0x000000a6de800000,0x000000a6de900000],  sp=0x000000a6de8fd840,  free space=1014k
Native frames: (J=compiled Java code, j=interpreted, Vv=VM code, C=native code)
C  [glass.dll+0x1b766]

Java frames: (J=compiled Java code, j=interpreted, Vv=VM code)
j  com.sun.glass.ui.win.WinWindow._close(J)Z+0 javafx.graphics
j  com.sun.glass.ui.Window.close()V+63 javafx.graphics
j  com.sun.glass.ui.win.WinWindow.close()V+8 javafx.graphics
j  com.sun.glass.ui.Application.terminate()V+75 javafx.graphics
j  com.sun.javafx.tk.quantum.QuantumToolkit.lambda$exit$13()Ljava/lang/Object;+5 javafx.graphics
j  com.sun.javafx.tk.quantum.QuantumToolkit$$Lambda$245+0x0000000800ce9dd0.get()Ljava/lang/Object;+0 javafx.graphics
j  com.sun.javafx.tk.quantum.QuantumToolkit.runWithRenderLock(Ljava/util/function/Supplier;)Ljava/lang/Object;+7 javafx.graphics
j  com.sun.javafx.tk.quantum.QuantumToolkit.exit()V+26 javafx.graphics
j  com.sun.javafx.application.PlatformImpl.lambda$tkExit$16()V+3 javafx.graphics
j  com.sun.javafx.application.PlatformImpl$$Lambda$244+0x0000000800ce9bb8.run()V+0 javafx.graphics
j  com.sun.javafx.application.PlatformImpl.lambda$runAndWait$12(Ljava/lang/Runnable;Ljava/util/concurrent/CountDownLatch;)V+1 javafx.graphics
j  com.sun.javafx.application.PlatformImpl$$Lambda$100+0x0000000800bf2208.run()V+8 javafx.graphics
j  com.sun.javafx.application.PlatformImpl.lambda$runLater$10(Ljava/lang/Runnable;)Ljava/lang/Void;+1 javafx.graphics
j  com.sun.javafx.application.PlatformImpl$$Lambda$102+0x0000000800bf3478.run()Ljava/lang/Object;+4 javafx.graphics
J 1793 c1 java.security.AccessController.doPrivileged(Ljava/security/PrivilegedAction;Ljava/security/AccessControlContext;)Ljava/lang/Object; java.base@15.0.2 (17 bytes) @ 0x000001d331f4dfe4 [0x000001d331f4de00+0x00000000000001e4]
j  com.sun.javafx.application.PlatformImpl.lambda$runLater$11(Ljava/lang/Runnable;Ljava/security/AccessControlContext;)V+7 javafx.graphics
j  com.sun.javafx.application.PlatformImpl$$Lambda$101+0x0000000800bf2bf8.run()V+8 javafx.graphics
j  com.sun.glass.ui.InvokeLaterDispatcher$Future.run()V+4 javafx.graphics
v  ~StubRoutines::call_stub
j  com.sun.glass.ui.win.WinApplication._runLoop(Ljava/lang/Runnable;)V+0 javafx.graphics
j  com.sun.glass.ui.win.WinApplication.lambda$runLoop$3(ILjava/lang/Runnable;)V+8 javafx.graphics
j  com.sun.glass.ui.win.WinApplication$$Lambda$90+0x0000000800be1f98.run()V+12 javafx.graphics
j  java.lang.Thread.run()V+11 java.base@15.0.2
v  ~StubRoutines::call_stub

siginfo: EXCEPTION_ACCESS_VIOLATION (0xc0000005), reading address 0x0000000000000130


Register to memory mapping:

RIP=0x00007ffa88cfb766 glass.dll
RAX=0x0 is NULL
RBX=0x0 is NULL
RCX=0x0 is NULL
RDX=0x0 is NULL
RSP=0x000000a6de8fd840 is pointing into the stack for thread: 0x000001d34ddc98f0
RBP=0x0 is NULL
RSI=0x000001d34ddc10f0 points into unknown readable memory: 0x00007ffa88d08c48 | 48 8c d0 88 fa 7f 00 00
RDI=0x000000a6de8fdbb0 is pointing into the stack for thread: 0x000001d34ddc98f0
R8 =0x000000a6de8fdbb0 is pointing into the stack for thread: 0x000001d34ddc98f0
R9 =0x0 is NULL
R10=0x00007ffa88d08c48 glass.dll
R11=0x0000000000000246 is an unknown value
R12=0x0 is NULL
R13=0x0000000000000401 is an unknown value
R14=0x0 is NULL
R15=0x0 is NULL


Registers:
RAX=0x0000000000000000, RBX=0x0000000000000000, RCX=0x0000000000000000, RDX=0x0000000000000000
RSP=0x000000a6de8fd840, RBP=0x0000000000000000, RSI=0x000001d34ddc10f0, RDI=0x000000a6de8fdbb0
R8 =0x000000a6de8fdbb0, R9 =0x0000000000000000, R10=0x00007ffa88d08c48, R11=0x0000000000000246
R12=0x0000000000000000, R13=0x0000000000000401, R14=0x0000000000000000, R15=0x0000000000000000
RIP=0x00007ffa88cfb766, EFLAGS=0x0000000000010202

Top of Stack: (sp=0x000000a6de8fd840)
0x000000a6de8fd840:   00008aaa00000578 00007ffa83c77ccc
0x000000a6de8fd850:   0000000000000000 000000a6de8fd860
0x000000a6de8fd860:   000000a6de8fdbb0 00007ffa88cfa1a1
0x000000a6de8fd870:   0000000000000401 000001d34ddc10f0
0x000000a6de8fd880:   000000a6de8fd9c9 0000000000000000
0x000000a6de8fd890:   000000a6de8fdbb0 00007ffa88cea299
0x000000a6de8fd8a0:   0000000000000401 00007ffac1579fe1
0x000000a6de8fd8b0:   000000a6de8fda00 0000000000000001
0x000000a6de8fd8c0:   fffffffffffffffe 00007ffa83da44e5
0x000000a6de8fd8d0:   0000000000000000 00007ffa88ce17a8
0x000000a6de8fd8e0:   000001d34ddc10f0 000000a6de8fdbb0
0x000000a6de8fd8f0:   0000000000000401 00000000005c0624
0x000000a6de8fd900:   0000000000000000 00007ffac157e858
0x000000a6de8fd910:   0000000000000001 000000a6de8fdb00
0x000000a6de8fd920:   0000000000000000 0000000080000022
0x000000a6de8fd930:   000001d34ddc98f0 000001d34d506600 

Instructions: (pc=0x00007ffa88cfb766)
0x00007ffa88cfb666:   85 c0 74 08 48 8b c8 e8 ee 00 00 00 48 c7 05 93
0x00007ffa88cfb676:   17 02 00 00 00 00 00 48 83 c4 28 c3 cc cc cc cc
0x00007ffa88cfb686:   cc cc cc cc cc cc cc cc cc cc 48 89 5c 24 08 57
0x00007ffa88cfb696:   48 83 ec 30 48 8b fa 48 8b d9 48 39 91 30 01 00
0x00007ffa88cfb6a6:   00 0f 84 a5 00 00 00 e8 ae 00 00 00 48 8b 93 30
0x00007ffa88cfb6b6:   01 00 00 48 85 d2 75 04 48 8b 53 08 48 89 54 24
0x00007ffa88cfb6c6:   20 4c 8b c7 48 85 ff 75 04 4c 8b 43 08 48 8d 0d
0x00007ffa88cfb6d6:   e6 f9 00 00 4c 89 44 24 28 e8 3c 80 fe ff 48 8b
0x00007ffa88cfb6e6:   4c 24 20 4c 8d 44 24 20 48 8d 15 db f7 ff ff ff
0x00007ffa88cfb6f6:   15 75 10 02 00 48 8b 05 de 13 02 00 48 85 c0 75
0x00007ffa88cfb706:   04 33 c9 eb 03 8b 48 40 4c 8d 44 24 20 48 8d 15
0x00007ffa88cfb716:   f6 f7 ff ff ff 15 58 10 02 00 48 89 bb 30 01 00
0x00007ffa88cfb726:   00 e8 54 35 00 00 4c 8b 05 5d 17 02 00 48 8b c8
0x00007ffa88cfb736:   48 8b 93 c0 00 00 00 4c 8b cf e8 eb 98 fe ff e8
0x00007ffa88cfb746:   36 35 00 00 48 8b c8 e8 4e 34 00 00 48 8b 5c 24
0x00007ffa88cfb756:   40 48 83 c4 30 5f c3 cc cc cc 40 57 48 83 ec 20
0x00007ffa88cfb766:   48 8b 81 30 01 00 00 48 8b f9 48 85 c0 75 04 48
0x00007ffa88cfb776:   8b 41 08 48 3b 05 90 16 02 00 75 3b 48 89 5c 24
0x00007ffa88cfb786:   30 e8 f4 34 00 00 4c 8b 05 ed 16 02 00 48 8b c8
0x00007ffa88cfb796:   48 8b 97 c0 00 00 00 48 8b d8 e8 8b 98 fe ff 48
0x00007ffa88cfb7a6:   8b cb e8 f3 33 00 00 48 8b 5c 24 30 48 c7 05 53
0x00007ffa88cfb7b6:   16 02 00 00 00 00 00 48 83 c4 20 5f c3 cc cc cc
0x00007ffa88cfb7c6:   cc cc cc cc cc cc cc cc cc cc 40 53 48 83 ec 50
0x00007ffa88cfb7d6:   48 8b 05 eb e9 01 00 48 33 c4 48 89 44 24 40 48
0x00007ffa88cfb7e6:   8b d9 48 8b 49 08 ff 15 f6 0e 02 00 85 c0 0f 85
0x00007ffa88cfb7f6:   21 01 00 00 48 8b 4b 08 48 8d 54 24 30 ff 15 1f
0x00007ffa88cfb806:   0d 02 00 48 8b 4b 08 48 8d 54 24 20 ff 15 78 0d
0x00007ffa88cfb816:   02 00 48 8b 4b 08 4c 8d 44 24 20 41 b9 02 00 00
0x00007ffa88cfb826:   00 33 d2 ff 15 69 0d 02 00 8b 44 24 24 2b 44 24
0x00007ffa88cfb836:   34 44 8b 44 24 20 44 2b 44 24 30 8b 54 24 3c 2b
0x00007ffa88cfb846:   54 24 2c 8b 4c 24 38 2b 4c 24 28 89 83 1c 01 00
0x00007ffa88cfb856:   00 44 89 83 18 01 00 00 89 93 24 01 00 00 89 8b 


Stack slot to memory mapping:
stack at sp + 0 slots: 0x00008aaa00000578 is an unknown value
stack at sp + 1 slots: 0x00007ffa83c77ccc jvm.dll
stack at sp + 2 slots: 0x0 is NULL
stack at sp + 3 slots: 0x000000a6de8fd860 is pointing into the stack for thread: 0x000001d34ddc98f0
stack at sp + 4 slots: 0x000000a6de8fdbb0 is pointing into the stack for thread: 0x000001d34ddc98f0
stack at sp + 5 slots: 0x00007ffa88cfa1a1 glass.dll
stack at sp + 6 slots: 0x0000000000000401 is an unknown value
stack at sp + 7 slots: 0x000001d34ddc10f0 points into unknown readable memory: 0x00007ffa88d08c48 | 48 8c d0 88 fa 7f 00 00


---------------  P R O C E S S  ---------------

Threads class SMR info:
_java_thread_list=0x000001d352dc7650, length=17, elements={
0x000001d329492ec0, 0x000001d34cacb250, 0x000001d34cacc4d0, 0x000001d34d3e7e90,
0x000001d34d3ea760, 0x000001d34d3eb7c0, 0x000001d34d3edd10, 0x000001d34d3f2870,
0x000001d34d3f6930, 0x000001d34caaf9d0, 0x000001d34db8b9c0, 0x000001d34dd3b020,
0x000001d34ddec030, 0x000001d34ddc98f0, 0x000001d34df6f530, 0x000001d34dfb5dd0,
0x000001d3528b6790
}

Java Threads: ( => current thread )
  0x000001d329492ec0 JavaThread "main" [_thread_blocked, id=10464, stack(0x000000a6dd200000,0x000000a6dd300000)]
  0x000001d34cacb250 JavaThread "Reference Handler" daemon [_thread_blocked, id=15248, stack(0x000000a6dd900000,0x000000a6dda00000)]
  0x000001d34cacc4d0 JavaThread "Finalizer" daemon [_thread_blocked, id=9852, stack(0x000000a6dda00000,0x000000a6ddb00000)]
  0x000001d34d3e7e90 JavaThread "Signal Dispatcher" daemon [_thread_blocked, id=17852, stack(0x000000a6ddb00000,0x000000a6ddc00000)]
  0x000001d34d3ea760 JavaThread "Attach Listener" daemon [_thread_blocked, id=14100, stack(0x000000a6ddc00000,0x000000a6ddd00000)]
  0x000001d34d3eb7c0 JavaThread "Service Thread" daemon [_thread_blocked, id=8820, stack(0x000000a6ddd00000,0x000000a6dde00000)]
  0x000001d34d3edd10 JavaThread "C2 CompilerThread0" daemon [_thread_blocked, id=4780, stack(0x000000a6dde00000,0x000000a6ddf00000)]
  0x000001d34d3f2870 JavaThread "C1 CompilerThread0" daemon [_thread_blocked, id=5888, stack(0x000000a6ddf00000,0x000000a6de000000)]
  0x000001d34d3f6930 JavaThread "Sweeper thread" daemon [_thread_blocked, id=15392, stack(0x000000a6de000000,0x000000a6de100000)]
  0x000001d34caaf9d0 JavaThread "Common-Cleaner" daemon [_thread_blocked, id=12484, stack(0x000000a6de100000,0x000000a6de200000)]
  0x000001d34db8b9c0 JavaThread "Notification Thread" daemon [_thread_blocked, id=5640, stack(0x000000a6de400000,0x000000a6de500000)]
  0x000001d34dd3b020 JavaThread "QuantumRenderer-0" daemon [_thread_blocked, id=15380, stack(0x000000a6de600000,0x000000a6de700000)]
  0x000001d34ddec030 JavaThread "InvokeLaterDispatcher" daemon [_thread_blocked, id=13532, stack(0x000000a6de700000,0x000000a6de800000)]
=>0x000001d34ddc98f0 JavaThread "JavaFX Application Thread" [_thread_in_native, id=2856, stack(0x000000a6de800000,0x000000a6de900000)]
  0x000001d34df6f530 JavaThread "Thread-1" daemon [_thread_in_native, id=4716, stack(0x000000a6de300000,0x000000a6de400000)]
  0x000001d34dfb5dd0 JavaThread "JavaFX-Launcher" [_thread_blocked, id=17720, stack(0x000000a6dec00000,0x000000a6ded00000)]
  0x000001d3528b6790 JavaThread "Prism Font Disposer" daemon [_thread_blocked, id=5440, stack(0x000000a6df500000,0x000000a6df600000)]

Other Threads:
  0x000001d34cac9320 VMThread "VM Thread" [stack: 0x000000a6dd800000,0x000000a6dd900000] [id=12308]
  0x000001d34d8d0ff0 WatcherThread [stack: 0x000000a6de500000,0x000000a6de600000] [id=10708]
  0x000001d3294e1f10 GCTaskThread "GC Thread#0" [stack: 0x000000a6dd300000,0x000000a6dd400000] [id=14492]
  0x000001d34d880660 GCTaskThread "GC Thread#1" [stack: 0x000000a6ded00000,0x000000a6dee00000] [id=6232]
  0x000001d34d881fe0 GCTaskThread "GC Thread#2" [stack: 0x000000a6dee00000,0x000000a6def00000] [id=17524]
  0x000001d34d881cb0 GCTaskThread "GC Thread#3" [stack: 0x000000a6def00000,0x000000a6df000000] [id=11848]
  0x000001d34d880990 GCTaskThread "GC Thread#4" [stack: 0x000000a6df000000,0x000000a6df100000] [id=2580]
  0x000001d34d882310 GCTaskThread "GC Thread#5" [stack: 0x000000a6df100000,0x000000a6df200000] [id=12824]
  0x000001d3294f3e00 ConcurrentGCThread "G1 Main Marker" [stack: 0x000000a6dd400000,0x000000a6dd500000] [id=17872]
  0x000001d3294f60b0 ConcurrentGCThread "G1 Conc#0" [stack: 0x000000a6dd500000,0x000000a6dd600000] [id=5752]
  0x000001d34c9420c0 ConcurrentGCThread "G1 Refine#0" [stack: 0x000000a6dd600000,0x000000a6dd700000] [id=10872]
  0x000001d34c942bd0 ConcurrentGCThread "G1 Young RemSet Sampling" [stack: 0x000000a6dd700000,0x000000a6dd800000] [id=4104]

Threads with active compile tasks:

VM state: not at safepoint (normal execution)

VM Mutex/Monitor currently owned by a thread: None

Heap address: 0x0000000703000000, size: 4048 MB, Compressed Oops mode: Zero based, Oop shift amount: 3
CDS archive(s) mapped at: [0x0000000800000000-0x0000000800b50000-0x0000000800b50000), size 11862016, SharedBaseAddress: 0x0000000800000000, ArchiveRelocationMode: 0.
Compressed class space mapped at: 0x0000000800b50000-0x0000000840b50000, size: 1073741824
Narrow klass base: 0x0000000800000000, Narrow klass shift: 3, Narrow klass range: 0x100000000

GC Precious Log:
 CPUs: 8 total, 8 available
 Memory: 16190M
 Large Page Support: Disabled
 NUMA Support: Disabled
 Compressed Oops: Enabled (Zero based)
 Heap Region Size: 2M
 Heap Min Capacity: 8M
 Heap Initial Capacity: 254M
 Heap Max Capacity: 4048M
 Pre-touch: Disabled
 Parallel Workers: 8
 Concurrent Workers: 2
 Concurrent Refinement Workers: 8
 Periodic GC: Disabled

Heap:
 garbage-first heap   total 260096K, used 25253K [0x0000000703000000, 0x0000000800000000)
  region size 2048K, 14 young (28672K), 2 survivors (4096K)
 Metaspace       used 11864K, capacity 13109K, committed 13184K, reserved 1060864K
  class space    used 1531K, capacity 1653K, committed 1664K, reserved 1048576K

Heap Regions: E=young(eden), S=young(survivor), O=old, HS=humongous(starts), HC=humongous(continues), CS=collection set, F=free, OA=open archive, CA=closed archive, TAMS=top-at-mark-start (previous, next)
|   0|0x0000000703000000, 0x0000000703000000, 0x0000000703200000|  0%| F|  |TAMS 0x0000000703000000, 0x0000000703000000| Untracked 
|   1|0x0000000703200000, 0x0000000703200000, 0x0000000703400000|  0%| F|  |TAMS 0x0000000703200000, 0x0000000703200000| Untracked 
|   2|0x0000000703400000, 0x0000000703400000, 0x0000000703600000|  0%| F|  |TAMS 0x0000000703400000, 0x0000000703400000| Untracked 
|   3|0x0000000703600000, 0x0000000703600000, 0x0000000703800000|  0%| F|  |TAMS 0x0000000703600000, 0x0000000703600000| Untracked 
|   4|0x0000000703800000, 0x0000000703800000, 0x0000000703a00000|  0%| F|  |TAMS 0x0000000703800000, 0x0000000703800000| Untracked 
|   5|0x0000000703a00000, 0x0000000703a00000, 0x0000000703c00000|  0%| F|  |TAMS 0x0000000703a00000, 0x0000000703a00000| Untracked 
|   6|0x0000000703c00000, 0x0000000703c00000, 0x0000000703e00000|  0%| F|  |TAMS 0x0000000703c00000, 0x0000000703c00000| Untracked 
|   7|0x0000000703e00000, 0x0000000703e00000, 0x0000000704000000|  0%| F|  |TAMS 0x0000000703e00000, 0x0000000703e00000| Untracked 
|   8|0x0000000704000000, 0x0000000704000000, 0x0000000704200000|  0%| F|  |TAMS 0x0000000704000000, 0x0000000704000000| Untracked 
|   9|0x0000000704200000, 0x0000000704200000, 0x0000000704400000|  0%| F|  |TAMS 0x0000000704200000, 0x0000000704200000| Untracked 
|  10|0x0000000704400000, 0x0000000704400000, 0x0000000704600000|  0%| F|  |TAMS 0x0000000704400000, 0x0000000704400000| Untracked 
|  11|0x0000000704600000, 0x0000000704600000, 0x0000000704800000|  0%| F|  |TAMS 0x0000000704600000, 0x0000000704600000| Untracked 
|  12|0x0000000704800000, 0x0000000704800000, 0x0000000704a00000|  0%| F|  |TAMS 0x0000000704800000, 0x0000000704800000| Untracked 
|  13|0x0000000704a00000, 0x0000000704a00000, 0x0000000704c00000|  0%| F|  |TAMS 0x0000000704a00000, 0x0000000704a00000| Untracked 
|  14|0x0000000704c00000, 0x0000000704c00000, 0x0000000704e00000|  0%| F|  |TAMS 0x0000000704c00000, 0x0000000704c00000| Untracked 
|  15|0x0000000704e00000, 0x0000000704e00000, 0x0000000705000000|  0%| F|  |TAMS 0x0000000704e00000, 0x0000000704e00000| Untracked 
|  16|0x0000000705000000, 0x0000000705000000, 0x0000000705200000|  0%| F|  |TAMS 0x0000000705000000, 0x0000000705000000| Untracked 
|  17|0x0000000705200000, 0x0000000705200000, 0x0000000705400000|  0%| F|  |TAMS 0x0000000705200000, 0x0000000705200000| Untracked 
|  18|0x0000000705400000, 0x0000000705400000, 0x0000000705600000|  0%| F|  |TAMS 0x0000000705400000, 0x0000000705400000| Untracked 
|  19|0x0000000705600000, 0x0000000705600000, 0x0000000705800000|  0%| F|  |TAMS 0x0000000705600000, 0x0000000705600000| Untracked 
|  20|0x0000000705800000, 0x0000000705800000, 0x0000000705a00000|  0%| F|  |TAMS 0x0000000705800000, 0x0000000705800000| Untracked 
|  21|0x0000000705a00000, 0x0000000705a00000, 0x0000000705c00000|  0%| F|  |TAMS 0x0000000705a00000, 0x0000000705a00000| Untracked 
|  22|0x0000000705c00000, 0x0000000705c00000, 0x0000000705e00000|  0%| F|  |TAMS 0x0000000705c00000, 0x0000000705c00000| Untracked 
|  23|0x0000000705e00000, 0x0000000705e00000, 0x0000000706000000|  0%| F|  |TAMS 0x0000000705e00000, 0x0000000705e00000| Untracked 
|  24|0x0000000706000000, 0x0000000706000000, 0x0000000706200000|  0%| F|  |TAMS 0x0000000706000000, 0x0000000706000000| Untracked 
|  25|0x0000000706200000, 0x0000000706200000, 0x0000000706400000|  0%| F|  |TAMS 0x0000000706200000, 0x0000000706200000| Untracked 
|  26|0x0000000706400000, 0x0000000706400000, 0x0000000706600000|  0%| F|  |TAMS 0x0000000706400000, 0x0000000706400000| Untracked 
|  27|0x0000000706600000, 0x0000000706600000, 0x0000000706800000|  0%| F|  |TAMS 0x0000000706600000, 0x0000000706600000| Untracked 
|  28|0x0000000706800000, 0x0000000706800000, 0x0000000706a00000|  0%| F|  |TAMS 0x0000000706800000, 0x0000000706800000| Untracked 
|  29|0x0000000706a00000, 0x0000000706a00000, 0x0000000706c00000|  0%| F|  |TAMS 0x0000000706a00000, 0x0000000706a00000| Untracked 
|  30|0x0000000706c00000, 0x0000000706c00000, 0x0000000706e00000|  0%| F|  |TAMS 0x0000000706c00000, 0x0000000706c00000| Untracked 
|  31|0x0000000706e00000, 0x0000000706e00000, 0x0000000707000000|  0%| F|  |TAMS 0x0000000706e00000, 0x0000000706e00000| Untracked 
|  32|0x0000000707000000, 0x0000000707000000, 0x0000000707200000|  0%| F|  |TAMS 0x0000000707000000, 0x0000000707000000| Untracked 
|  33|0x0000000707200000, 0x0000000707200000, 0x0000000707400000|  0%| F|  |TAMS 0x0000000707200000, 0x0000000707200000| Untracked 
|  34|0x0000000707400000, 0x0000000707400000, 0x0000000707600000|  0%| F|  |TAMS 0x0000000707400000, 0x0000000707400000| Untracked 
|  35|0x0000000707600000, 0x0000000707600000, 0x0000000707800000|  0%| F|  |TAMS 0x0000000707600000, 0x0000000707600000| Untracked 
|  36|0x0000000707800000, 0x0000000707800000, 0x0000000707a00000|  0%| F|  |TAMS 0x0000000707800000, 0x0000000707800000| Untracked 
|  37|0x0000000707a00000, 0x0000000707a00000, 0x0000000707c00000|  0%| F|  |TAMS 0x0000000707a00000, 0x0000000707a00000| Untracked 
|  38|0x0000000707c00000, 0x0000000707c00000, 0x0000000707e00000|  0%| F|  |TAMS 0x0000000707c00000, 0x0000000707c00000| Untracked 
|  39|0x0000000707e00000, 0x0000000707e00000, 0x0000000708000000|  0%| F|  |TAMS 0x0000000707e00000, 0x0000000707e00000| Untracked 
|  40|0x0000000708000000, 0x0000000708000000, 0x0000000708200000|  0%| F|  |TAMS 0x0000000708000000, 0x0000000708000000| Untracked 
|  41|0x0000000708200000, 0x0000000708200000, 0x0000000708400000|  0%| F|  |TAMS 0x0000000708200000, 0x0000000708200000| Untracked 
|  42|0x0000000708400000, 0x0000000708400000, 0x0000000708600000|  0%| F|  |TAMS 0x0000000708400000, 0x0000000708400000| Untracked 
|  43|0x0000000708600000, 0x0000000708600000, 0x0000000708800000|  0%| F|  |TAMS 0x0000000708600000, 0x0000000708600000| Untracked 
|  44|0x0000000708800000, 0x0000000708800000, 0x0000000708a00000|  0%| F|  |TAMS 0x0000000708800000, 0x0000000708800000| Untracked 
|  45|0x0000000708a00000, 0x0000000708a00000, 0x0000000708c00000|  0%| F|  |TAMS 0x0000000708a00000, 0x0000000708a00000| Untracked 
|  46|0x0000000708c00000, 0x0000000708c00000, 0x0000000708e00000|  0%| F|  |TAMS 0x0000000708c00000, 0x0000000708c00000| Untracked 
|  47|0x0000000708e00000, 0x0000000708e00000, 0x0000000709000000|  0%| F|  |TAMS 0x0000000708e00000, 0x0000000708e00000| Untracked 
|  48|0x0000000709000000, 0x0000000709000000, 0x0000000709200000|  0%| F|  |TAMS 0x0000000709000000, 0x0000000709000000| Untracked 
|  49|0x0000000709200000, 0x0000000709200000, 0x0000000709400000|  0%| F|  |TAMS 0x0000000709200000, 0x0000000709200000| Untracked 
|  50|0x0000000709400000, 0x0000000709400000, 0x0000000709600000|  0%| F|  |TAMS 0x0000000709400000, 0x0000000709400000| Untracked 
|  51|0x0000000709600000, 0x0000000709600000, 0x0000000709800000|  0%| F|  |TAMS 0x0000000709600000, 0x0000000709600000| Untracked 
|  52|0x0000000709800000, 0x0000000709800000, 0x0000000709a00000|  0%| F|  |TAMS 0x0000000709800000, 0x0000000709800000| Untracked 
|  53|0x0000000709a00000, 0x0000000709a00000, 0x0000000709c00000|  0%| F|  |TAMS 0x0000000709a00000, 0x0000000709a00000| Untracked 
|  54|0x0000000709c00000, 0x0000000709c00000, 0x0000000709e00000|  0%| F|  |TAMS 0x0000000709c00000, 0x0000000709c00000| Untracked 
|  55|0x0000000709e00000, 0x0000000709e00000, 0x000000070a000000|  0%| F|  |TAMS 0x0000000709e00000, 0x0000000709e00000| Untracked 
|  56|0x000000070a000000, 0x000000070a000000, 0x000000070a200000|  0%| F|  |TAMS 0x000000070a000000, 0x000000070a000000| Untracked 
|  57|0x000000070a200000, 0x000000070a200000, 0x000000070a400000|  0%| F|  |TAMS 0x000000070a200000, 0x000000070a200000| Untracked 
|  58|0x000000070a400000, 0x000000070a400000, 0x000000070a600000|  0%| F|  |TAMS 0x000000070a400000, 0x000000070a400000| Untracked 
|  59|0x000000070a600000, 0x000000070a600000, 0x000000070a800000|  0%| F|  |TAMS 0x000000070a600000, 0x000000070a600000| Untracked 
|  60|0x000000070a800000, 0x000000070a800000, 0x000000070aa00000|  0%| F|  |TAMS 0x000000070a800000, 0x000000070a800000| Untracked 
|  61|0x000000070aa00000, 0x000000070aa00000, 0x000000070ac00000|  0%| F|  |TAMS 0x000000070aa00000, 0x000000070aa00000| Untracked 
|  62|0x000000070ac00000, 0x000000070ac00000, 0x000000070ae00000|  0%| F|  |TAMS 0x000000070ac00000, 0x000000070ac00000| Untracked 
|  63|0x000000070ae00000, 0x000000070ae00000, 0x000000070b000000|  0%| F|  |TAMS 0x000000070ae00000, 0x000000070ae00000| Untracked 
|  64|0x000000070b000000, 0x000000070b000000, 0x000000070b200000|  0%| F|  |TAMS 0x000000070b000000, 0x000000070b000000| Untracked 
|  65|0x000000070b200000, 0x000000070b200000, 0x000000070b400000|  0%| F|  |TAMS 0x000000070b200000, 0x000000070b200000| Untracked 
|  66|0x000000070b400000, 0x000000070b400000, 0x000000070b600000|  0%| F|  |TAMS 0x000000070b400000, 0x000000070b400000| Untracked 
|  67|0x000000070b600000, 0x000000070b600000, 0x000000070b800000|  0%| F|  |TAMS 0x000000070b600000, 0x000000070b600000| Untracked 
|  68|0x000000070b800000, 0x000000070b800000, 0x000000070ba00000|  0%| F|  |TAMS 0x000000070b800000, 0x000000070b800000| Untracked 
|  69|0x000000070ba00000, 0x000000070ba00000, 0x000000070bc00000|  0%| F|  |TAMS 0x000000070ba00000, 0x000000070ba00000| Untracked 
|  70|0x000000070bc00000, 0x000000070bc00000, 0x000000070be00000|  0%| F|  |TAMS 0x000000070bc00000, 0x000000070bc00000| Untracked 
|  71|0x000000070be00000, 0x000000070be00000, 0x000000070c000000|  0%| F|  |TAMS 0x000000070be00000, 0x000000070be00000| Untracked 
|  72|0x000000070c000000, 0x000000070c000000, 0x000000070c200000|  0%| F|  |TAMS 0x000000070c000000, 0x000000070c000000| Untracked 
|  73|0x000000070c200000, 0x000000070c200000, 0x000000070c400000|  0%| F|  |TAMS 0x000000070c200000, 0x000000070c200000| Untracked 
|  74|0x000000070c400000, 0x000000070c400000, 0x000000070c600000|  0%| F|  |TAMS 0x000000070c400000, 0x000000070c400000| Untracked 
|  75|0x000000070c600000, 0x000000070c600000, 0x000000070c800000|  0%| F|  |TAMS 0x000000070c600000, 0x000000070c600000| Untracked 
|  76|0x000000070c800000, 0x000000070c800000, 0x000000070ca00000|  0%| F|  |TAMS 0x000000070c800000, 0x000000070c800000| Untracked 
|  77|0x000000070ca00000, 0x000000070ca00000, 0x000000070cc00000|  0%| F|  |TAMS 0x000000070ca00000, 0x000000070ca00000| Untracked 
|  78|0x000000070cc00000, 0x000000070cc00000, 0x000000070ce00000|  0%| F|  |TAMS 0x000000070cc00000, 0x000000070cc00000| Untracked 
|  79|0x000000070ce00000, 0x000000070ce00000, 0x000000070d000000|  0%| F|  |TAMS 0x000000070ce00000, 0x000000070ce00000| Untracked 
|  80|0x000000070d000000, 0x000000070d000000, 0x000000070d200000|  0%| F|  |TAMS 0x000000070d000000, 0x000000070d000000| Untracked 
|  81|0x000000070d200000, 0x000000070d200000, 0x000000070d400000|  0%| F|  |TAMS 0x000000070d200000, 0x000000070d200000| Untracked 
|  82|0x000000070d400000, 0x000000070d400000, 0x000000070d600000|  0%| F|  |TAMS 0x000000070d400000, 0x000000070d400000| Untracked 
|  83|0x000000070d600000, 0x000000070d600000, 0x000000070d800000|  0%| F|  |TAMS 0x000000070d600000, 0x000000070d600000| Untracked 
|  84|0x000000070d800000, 0x000000070d800000, 0x000000070da00000|  0%| F|  |TAMS 0x000000070d800000, 0x000000070d800000| Untracked 
|  85|0x000000070da00000, 0x000000070da00000, 0x000000070dc00000|  0%| F|  |TAMS 0x000000070da00000, 0x000000070da00000| Untracked 
|  86|0x000000070dc00000, 0x000000070dc00000, 0x000000070de00000|  0%| F|  |TAMS 0x000000070dc00000, 0x000000070dc00000| Untracked 
|  87|0x000000070de00000, 0x000000070de00000, 0x000000070e000000|  0%| F|  |TAMS 0x000000070de00000, 0x000000070de00000| Untracked 
|  88|0x000000070e000000, 0x000000070e000000, 0x000000070e200000|  0%| F|  |TAMS 0x000000070e000000, 0x000000070e000000| Untracked 
|  89|0x000000070e200000, 0x000000070e200000, 0x000000070e400000|  0%| F|  |TAMS 0x000000070e200000, 0x000000070e200000| Untracked 
|  90|0x000000070e400000, 0x000000070e400000, 0x000000070e600000|  0%| F|  |TAMS 0x000000070e400000, 0x000000070e400000| Untracked 
|  91|0x000000070e600000, 0x000000070e600000, 0x000000070e800000|  0%| F|  |TAMS 0x000000070e600000, 0x000000070e600000| Untracked 
|  92|0x000000070e800000, 0x000000070e800000, 0x000000070ea00000|  0%| F|  |TAMS 0x000000070e800000, 0x000000070e800000| Untracked 
|  93|0x000000070ea00000, 0x000000070ea00000, 0x000000070ec00000|  0%| F|  |TAMS 0x000000070ea00000, 0x000000070ea00000| Untracked 
|  94|0x000000070ec00000, 0x000000070ec00000, 0x000000070ee00000|  0%| F|  |TAMS 0x000000070ec00000, 0x000000070ec00000| Untracked 
|  95|0x000000070ee00000, 0x000000070ee00000, 0x000000070f000000|  0%| F|  |TAMS 0x000000070ee00000, 0x000000070ee00000| Untracked 
|  96|0x000000070f000000, 0x000000070f000000, 0x000000070f200000|  0%| F|  |TAMS 0x000000070f000000, 0x000000070f000000| Untracked 
|  97|0x000000070f200000, 0x000000070f200000, 0x000000070f400000|  0%| F|  |TAMS 0x000000070f200000, 0x000000070f200000| Untracked 
|  98|0x000000070f400000, 0x000000070f400000, 0x000000070f600000|  0%| F|  |TAMS 0x000000070f400000, 0x000000070f400000| Untracked 
|  99|0x000000070f600000, 0x000000070f600000, 0x000000070f800000|  0%| F|  |TAMS 0x000000070f600000, 0x000000070f600000| Untracked 
| 100|0x000000070f800000, 0x000000070f800000, 0x000000070fa00000|  0%| F|  |TAMS 0x000000070f800000, 0x000000070f800000| Untracked 
| 101|0x000000070fa00000, 0x000000070fa00000, 0x000000070fc00000|  0%| F|  |TAMS 0x000000070fa00000, 0x000000070fa00000| Untracked 
| 102|0x000000070fc00000, 0x000000070fc00000, 0x000000070fe00000|  0%| F|  |TAMS 0x000000070fc00000, 0x000000070fc00000| Untracked 
| 103|0x000000070fe00000, 0x000000070fe00000, 0x0000000710000000|  0%| F|  |TAMS 0x000000070fe00000, 0x000000070fe00000| Untracked 
| 104|0x0000000710000000, 0x0000000710000000, 0x0000000710200000|  0%| F|  |TAMS 0x0000000710000000, 0x0000000710000000| Untracked 
| 105|0x0000000710200000, 0x0000000710200000, 0x0000000710400000|  0%| F|  |TAMS 0x0000000710200000, 0x0000000710200000| Untracked 
| 106|0x0000000710400000, 0x0000000710400000, 0x0000000710600000|  0%| F|  |TAMS 0x0000000710400000, 0x0000000710400000| Untracked 
| 107|0x0000000710600000, 0x0000000710600000, 0x0000000710800000|  0%| F|  |TAMS 0x0000000710600000, 0x0000000710600000| Untracked 
| 108|0x0000000710800000, 0x0000000710800000, 0x0000000710a00000|  0%| F|  |TAMS 0x0000000710800000, 0x0000000710800000| Untracked 
| 109|0x0000000710a00000, 0x0000000710a00000, 0x0000000710c00000|  0%| F|  |TAMS 0x0000000710a00000, 0x0000000710a00000| Untracked 
| 110|0x0000000710c00000, 0x0000000710c00000, 0x0000000710e00000|  0%| F|  |TAMS 0x0000000710c00000, 0x0000000710c00000| Untracked 
| 111|0x0000000710e00000, 0x0000000710e00000, 0x0000000711000000|  0%| F|  |TAMS 0x0000000710e00000, 0x0000000710e00000| Untracked 
| 112|0x0000000711000000, 0x0000000711000000, 0x0000000711200000|  0%| F|  |TAMS 0x0000000711000000, 0x0000000711000000| Untracked 
| 113|0x0000000711200000, 0x00000007113f8470, 0x0000000711400000| 98%| E|  |TAMS 0x0000000711200000, 0x0000000711200000| Complete 
| 114|0x0000000711400000, 0x00000007114a97f0, 0x0000000711600000| 33%| S|CS|TAMS 0x0000000711400000, 0x0000000711400000| Complete 
| 115|0x0000000711600000, 0x0000000711800000, 0x0000000711800000|100%| S|CS|TAMS 0x0000000711600000, 0x0000000711600000| Complete 
| 116|0x0000000711800000, 0x0000000711a00000, 0x0000000711a00000|100%| E|CS|TAMS 0x0000000711800000, 0x0000000711800000| Complete 
| 117|0x0000000711a00000, 0x0000000711c00000, 0x0000000711c00000|100%| E|CS|TAMS 0x0000000711a00000, 0x0000000711a00000| Complete 
| 118|0x0000000711c00000, 0x0000000711e00000, 0x0000000711e00000|100%| E|CS|TAMS 0x0000000711c00000, 0x0000000711c00000| Complete 
| 119|0x0000000711e00000, 0x0000000712000000, 0x0000000712000000|100%| E|CS|TAMS 0x0000000711e00000, 0x0000000711e00000| Complete 
| 120|0x0000000712000000, 0x0000000712200000, 0x0000000712200000|100%| E|CS|TAMS 0x0000000712000000, 0x0000000712000000| Complete 
| 121|0x0000000712200000, 0x0000000712400000, 0x0000000712400000|100%| E|CS|TAMS 0x0000000712200000, 0x0000000712200000| Complete 
| 122|0x0000000712400000, 0x0000000712600000, 0x0000000712600000|100%| E|CS|TAMS 0x0000000712400000, 0x0000000712400000| Complete 
| 123|0x0000000712600000, 0x0000000712800000, 0x0000000712800000|100%| E|CS|TAMS 0x0000000712600000, 0x0000000712600000| Complete 
| 124|0x0000000712800000, 0x0000000712a00000, 0x0000000712a00000|100%| E|CS|TAMS 0x0000000712800000, 0x0000000712800000| Complete 
| 125|0x0000000712a00000, 0x0000000712c00000, 0x0000000712c00000|100%| E|CS|TAMS 0x0000000712a00000, 0x0000000712a00000| Complete 
| 126|0x0000000712c00000, 0x0000000712e00000, 0x0000000712e00000|100%| E|CS|TAMS 0x0000000712c00000, 0x0000000712c00000| Complete 

Card table byte_map: [0x000001d3411f0000,0x000001d3419e0000] _byte_map_base: 0x000001d33d9d8000

Marking Bits (Prev, Next): (CMBitMap*) 0x000001d3294e36a0, (CMBitMap*) 0x000001d3294e36e0
 Prev Bits: [0x000001d3421d0000, 0x000001d346110000)
 Next Bits: [0x000001d346110000, 0x000001d34a050000)

Polling page: 0x000001d327460000

Metaspace:

Usage:
  Non-class:     11.19 MB capacity,    10.09 MB ( 90%) used,     1.08 MB ( 10%) free+waste,    17.56 KB ( <1%) overhead. 
      Class:      1.61 MB capacity,     1.50 MB ( 93%) used,   114.16 KB (  7%) free+waste,     7.38 KB ( <1%) overhead. 
       Both:     12.80 MB capacity,    11.59 MB ( 91%) used,     1.19 MB (  9%) free+waste,    24.94 KB ( <1%) overhead. 

Virtual space:
  Non-class space:       12.00 MB reserved,      11.25 MB ( 94%) committed 
      Class space:        1.00 GB reserved,       1.62 MB ( <1%) committed 
             Both:        1.01 GB reserved,      12.88 MB (  1%) committed 

Chunk freelists:
   Non-Class:  0 bytes
       Class:  11.00 KB
        Both:  11.00 KB

MaxMetaspaceSize: 17179869184.00 GB
CompressedClassSpaceSize: 1.00 GB

CodeHeap 'non-profiled nmethods': size=120000Kb used=827Kb max_used=827Kb free=119172Kb
 bounds [0x000001d3391a0000, 0x000001d339410000, 0x000001d3406d0000]
CodeHeap 'profiled nmethods': size=120000Kb used=3900Kb max_used=3900Kb free=116100Kb
 bounds [0x000001d331c70000, 0x000001d332040000, 0x000001d3391a0000]
CodeHeap 'non-nmethods': size=5760Kb used=1393Kb max_used=1516Kb free=4366Kb
 bounds [0x000001d3316d0000, 0x000001d331940000, 0x000001d331c70000]
 total_blobs=2906 nmethods=2204 adapters=614
 compilation: enabled
              stopped_count=0, restarted_count=0
 full_count=0

Compilation events (20 events):
Event: 12.607 Thread 0x000001d34d3edd10 nmethod 2196 0x000001d33926ec10 code [0x000001d33926ed80, 0x000001d33926edd8]
Event: 12.611 Thread 0x000001d34d3f2870 nmethod 2195 0x000001d332037c10 code [0x000001d332037f60, 0x000001d332039b68]
Event: 12.611 Thread 0x000001d34d3f2870 2197       3       java.util.concurrent.atomic.AtomicInteger::incrementAndGet (14 bytes)
Event: 12.611 Thread 0x000001d34d3f2870 nmethod 2197 0x000001d33203a590 code [0x000001d33203a720, 0x000001d33203a838]
Event: 12.621 Thread 0x000001d34d3f2870 2198       3       com.sun.javafx.binding.ExpressionHelper::<init> (10 bytes)
Event: 12.621 Thread 0x000001d34d3f2870 nmethod 2198 0x000001d33203a910 code [0x000001d33203aac0, 0x000001d33203acd8]
Event: 12.623 Thread 0x000001d34d3f2870 2199       3       sun.nio.cs.SingleByte$Encoder::encode (32 bytes)
Event: 12.623 Thread 0x000001d34d3f2870 nmethod 2199 0x000001d33203ae10 code [0x000001d33203afc0, 0x000001d33203b178]
Event: 12.623 Thread 0x000001d34d3f2870 2200       3       java.lang.String::getChars (54 bytes)
Event: 12.624 Thread 0x000001d34d3f2870 nmethod 2200 0x000001d33203b290 code [0x000001d33203b480, 0x000001d33203b8d8]
Event: 12.624 Thread 0x000001d34d3f2870 2201       3       java.lang.StringLatin1::getChars (12 bytes)
Event: 12.625 Thread 0x000001d34d3f2870 nmethod 2201 0x000001d33203ba90 code [0x000001d33203bc20, 0x000001d33203bd28]
Event: 12.629 Thread 0x000001d34d3f2870 2202       3       javafx.scene.Node$$Lambda$127/0x0000000800c2a150::changed (17 bytes)
Event: 12.632 Thread 0x000001d34d3f2870 nmethod 2202 0x000001d33203be10 code [0x000001d33203c080, 0x000001d33203ceb8]
Event: 12.632 Thread 0x000001d34d3f2870 2203       3       javafx.scene.Node::lambda$new$2 (5 bytes)
Event: 12.633 Thread 0x000001d34d3f2870 nmethod 2203 0x000001d33203d310 code [0x000001d33203d560, 0x000001d33203e118]
Event: 12.633 Thread 0x000001d34d3f2870 2204       3       javafx.scene.Node$TreeShowingPropertyReadOnly::invalidate (20 bytes)
Event: 12.634 Thread 0x000001d34d3f2870 nmethod 2204 0x000001d33203e490 code [0x000001d33203e640, 0x000001d33203e8e8]
Event: 12.634 Thread 0x000001d34d3f2870 2205       3       java.util.concurrent.CopyOnWriteArrayList$COWIterator::next (32 bytes)
Event: 12.634 Thread 0x000001d34d3f2870 nmethod 2205 0x000001d33203ea10 code [0x000001d33203ebc0, 0x000001d33203eec8]

GC Heap History (2 events):
Event: 0.770 GC heap before
{Heap before GC invocations=0 (full 0):
 garbage-first heap   total 260096K, used 22528K [0x0000000703000000, 0x0000000800000000)
  region size 2048K, 11 young (22528K), 0 survivors (0K)
 Metaspace       used 5559K, capacity 7770K, committed 7808K, reserved 1056768K
  class space    used 683K, capacity 860K, committed 896K, reserved 1048576K
}
Event: 0.774 GC heap after
{Heap after GC invocations=1 (full 0):
 garbage-first heap   total 260096K, used 2725K [0x0000000703000000, 0x0000000800000000)
  region size 2048K, 2 young (4096K), 2 survivors (4096K)
 Metaspace       used 5559K, capacity 7770K, committed 7808K, reserved 1056768K
  class space    used 683K, capacity 860K, committed 896K, reserved 1048576K
}

Deoptimization events (20 events):
Event: 11.493 Thread 0x000001d34ddc98f0 Uncommon trap: trap_request=0xffffff45 fr.pc=0x000001d339223d94 relative=0x0000000000000ff4
Event: 11.493 Thread 0x000001d34ddc98f0 Uncommon trap: reason=unstable_if action=reinterpret pc=0x000001d339223d94 method=java.util.concurrent.ConcurrentHashMap.putVal(Ljava/lang/Object;Ljava/lang/Object;Z)Ljava/lang/Object; @ 148 c2
Event: 11.493 Thread 0x000001d34ddc98f0 DEOPT PACKING pc=0x000001d339223d94 sp=0x000000a6de8fa7d0
Event: 11.493 Thread 0x000001d34ddc98f0 DEOPT UNPACKING pc=0x000001d33171e42f sp=0x000000a6de8fa750 mode 2
Event: 11.508 Thread 0x000001d34ddc98f0 Uncommon trap: trap_request=0xffffffde fr.pc=0x000001d33925bcf0 relative=0x0000000000000310
Event: 11.508 Thread 0x000001d34ddc98f0 Uncommon trap: reason=class_check action=maybe_recompile pc=0x000001d33925bcf0 method=javafx.scene.Node.updateLocalToParentTransform()V @ 11 c2
Event: 11.508 Thread 0x000001d34ddc98f0 DEOPT PACKING pc=0x000001d33925bcf0 sp=0x000000a6de8fc230
Event: 11.508 Thread 0x000001d34ddc98f0 DEOPT UNPACKING pc=0x000001d33171e42f sp=0x000000a6de8fc1c0 mode 2
Event: 11.508 Thread 0x000001d34ddc98f0 Uncommon trap: trap_request=0xffffffde fr.pc=0x000001d33925bcf0 relative=0x0000000000000310
Event: 11.508 Thread 0x000001d34ddc98f0 Uncommon trap: reason=class_check action=maybe_recompile pc=0x000001d33925bcf0 method=javafx.scene.Node.updateLocalToParentTransform()V @ 11 c2
Event: 11.508 Thread 0x000001d34ddc98f0 DEOPT PACKING pc=0x000001d33925bcf0 sp=0x000000a6de8fc1e0
Event: 11.508 Thread 0x000001d34ddc98f0 DEOPT UNPACKING pc=0x000001d33171e42f sp=0x000000a6de8fc170 mode 2
Event: 11.508 Thread 0x000001d34ddc98f0 Uncommon trap: trap_request=0xffffffde fr.pc=0x000001d33925bcf0 relative=0x0000000000000310
Event: 11.508 Thread 0x000001d34ddc98f0 Uncommon trap: reason=class_check action=maybe_recompile pc=0x000001d33925bcf0 method=javafx.scene.Node.updateLocalToParentTransform()V @ 11 c2
Event: 11.508 Thread 0x000001d34ddc98f0 DEOPT PACKING pc=0x000001d33925bcf0 sp=0x000000a6de8fc1e0
Event: 11.508 Thread 0x000001d34ddc98f0 DEOPT UNPACKING pc=0x000001d33171e42f sp=0x000000a6de8fc170 mode 2
Event: 11.508 Thread 0x000001d34ddc98f0 Uncommon trap: trap_request=0xffffffde fr.pc=0x000001d33925bcf0 relative=0x0000000000000310
Event: 11.508 Thread 0x000001d34ddc98f0 Uncommon trap: reason=class_check action=maybe_recompile pc=0x000001d33925bcf0 method=javafx.scene.Node.updateLocalToParentTransform()V @ 11 c2
Event: 11.508 Thread 0x000001d34ddc98f0 DEOPT PACKING pc=0x000001d33925bcf0 sp=0x000000a6de8fc230
Event: 11.508 Thread 0x000001d34ddc98f0 DEOPT UNPACKING pc=0x000001d33171e42f sp=0x000000a6de8fc1c0 mode 2

Classes unloaded (0 events):
No events

Classes redefined (0 events):
No events

Internal exceptions (20 events):
Event: 0.725 Thread 0x000001d329492ec0 Exception <a 'java/lang/NoSuchMethodError'{0x0000000711ad4450}: 'java.lang.Object java.lang.invoke.DirectMethodHandle$Holder.newInvokeSpecial(java.lang.Object, java.lang.Object, java.lang.Object, java.lang.Object, java.lang.Object)'> (0x0000000711ad4450) 
thrown [./open/src/hotspot/share/interpreter/linkResolver.cpp, line 782]
Event: 0.727 Thread 0x000001d34dfb5dd0 Exception <a 'java/lang/NoSuchMethodError'{0x0000000711af67c8}: 'void java.lang.invoke.DirectMethodHandle$Holder.invokeStatic(java.lang.Object, java.lang.Object, java.lang.Object, java.lang.Object)'> (0x0000000711af67c8) 
thrown [./open/src/hotspot/share/interpreter/linkResolver.cpp, line 782]
Event: 0.775 Thread 0x000001d34ddc98f0 Exception <a 'java/lang/NoSuchMethodError'{0x0000000712c039e8}: 'java.lang.Object java.lang.invoke.DirectMethodHandle$Holder.invokeStaticInit(java.lang.Object, java.lang.Object, java.lang.Object, java.lang.Object)'> (0x0000000712c039e8) 
thrown [./open/src/hotspot/share/interpreter/linkResolver.cpp, line 782]
Event: 0.777 Thread 0x000001d34ddc98f0 Exception <a 'java/lang/NullPointerException'{0x0000000712c0faa8}> (0x0000000712c0faa8) 
thrown [./open/src/hotspot/share/interpreter/linkResolver.cpp, line 1374]
Event: 0.781 Thread 0x000001d34ddc98f0 Exception <a 'java/lang/NoSuchMethodError'{0x0000000712c4c718}: 'void java.lang.invoke.DirectMethodHandle$Holder.invokeSpecial(java.lang.Object, java.lang.Object, java.lang.Object, java.lang.Object, java.lang.Object)'> (0x0000000712c4c718) 
thrown [./open/src/hotspot/share/interpreter/linkResolver.cpp, line 782]
Event: 0.815 Thread 0x000001d34ddc98f0 Exception <a 'java/lang/NoSuchMethodError'{0x0000000712b9f620}: 'java.lang.Object java.lang.invoke.DirectMethodHandle$Holder.newInvokeSpecial(java.lang.Object, java.lang.Object, int, int)'> (0x0000000712b9f620) 
thrown [./open/src/hotspot/share/interpreter/linkResolver.cpp, line 782]
Event: 0.960 Thread 0x000001d34ddc98f0 Exception <a 'sun/nio/fs/WindowsException'{0x00000007123fefd0}> (0x00000007123fefd0) 
thrown [./open/src/hotspot/share/prims/jni.cpp, line 578]
Event: 0.983 Thread 0x000001d34ddc98f0 Exception <a 'sun/nio/fs/WindowsException'{0x000000071210ae38}> (0x000000071210ae38) 
thrown [./open/src/hotspot/share/prims/jni.cpp, line 578]
Event: 0.998 Thread 0x000001d34ddc98f0 Implicit null exception at 0x000001d339201110 to 0x000001d339201578
Event: 0.998 Thread 0x000001d34ddc98f0 Implicit null exception at 0x000001d33920010f to 0x000001d339200570
Event: 0.998 Thread 0x000001d34ddc98f0 Implicit null exception at 0x000001d3391c05af to 0x000001d3391c0629
Event: 1.136 Thread 0x000001d34ddc98f0 Implicit null exception at 0x000001d3392112ed to 0x000001d339211344
Event: 1.142 Thread 0x000001d34ddc98f0 Exception <a 'java/lang/NoSuchMethodError'{0x0000000711d9ee38}: 'java.lang.Object java.lang.invoke.DirectMethodHandle$Holder.invokeInterface(java.lang.Object, java.lang.Object, java.lang.Object)'> (0x0000000711d9ee38) 
thrown [./open/src/hotspot/share/interpreter/linkResolver.cpp, line 782]
Event: 1.143 Thread 0x000001d34ddc98f0 Exception <a 'java/lang/IncompatibleClassChangeError'{0x0000000711da2bf8}: Found class java.lang.Object, but interface was expected> (0x0000000711da2bf8) 
thrown [./open/src/hotspot/share/interpreter/linkResolver.cpp, line 848]
Event: 1.201 Thread 0x000001d34ddc98f0 Exception <a 'java/lang/NoSuchMethodError'{0x0000000711aedfe0}: 'java.lang.Object java.lang.invoke.DirectMethodHandle$Holder.newInvokeSpecial(java.lang.Object, java.lang.Object, int)'> (0x0000000711aedfe0) 
thrown [./open/src/hotspot/share/interpreter/linkResolver.cpp, line 782]
Event: 1.272 Thread 0x000001d34dd3b020 Exception <a 'java/lang/NoSuchMethodError'{0x0000000711881fc8}: 'int java.lang.invoke.DirectMethodHandle$Holder.invokeStaticInit(java.lang.Object, java.lang.Object)'> (0x0000000711881fc8) 
thrown [./open/src/hotspot/share/interpreter/linkResolver.cpp, line 782]
Event: 2.267 Thread 0x000001d34ddc98f0 Exception <a 'java/lang/NoSuchMethodError'{0x0000000711220a18}: 'long java.lang.invoke.DirectMethodHandle$Holder.invokeStatic(java.lang.Object, java.lang.Object, java.lang.Object)'> (0x0000000711220a18) 
thrown [./open/src/hotspot/share/interpreter/linkResolver.cpp, line 782]
Event: 2.267 Thread 0x000001d34ddc98f0 Exception <a 'java/lang/NoSuchMethodError'{0x00000007112243c8}: 'long java.lang.invoke.DirectMethodHandle$Holder.invokeStaticInit(java.lang.Object, java.lang.Object, java.lang.Object)'> (0x00000007112243c8) 
thrown [./open/src/hotspot/share/interpreter/linkResolver.cpp, line 782]
Event: 2.270 Thread 0x000001d34ddc98f0 Exception <a 'java/lang/NoSuchMethodError'{0x000000071123c428}: 'java.lang.Object java.lang.invoke.DirectMethodHandle$Holder.newInvokeSpecial(java.lang.Object, java.lang.Object, long)'> (0x000000071123c428) 
thrown [./open/src/hotspot/share/interpreter/linkResolver.cpp, line 782]
Event: 2.270 Thread 0x000001d34ddc98f0 Exception <a 'java/lang/NoSuchMethodError'{0x0000000711240198}: 'java.lang.Object java.lang.invoke.Invokers$Holder.linkToTargetMethod(java.lang.Object, long, java.lang.Object)'> (0x0000000711240198) 
thrown [./open/src/hotspot/share/interpreter/linkResolver.cpp, line 782]

Events (20 events):
Event: 11.501 loading class sun/util/resources/BreakIteratorResourceBundle done
Event: 11.501 loading class sun/text/resources/BreakIteratorResources done
Event: 11.501 loading class sun/util/resources/Bundles$2
Event: 11.501 loading class sun/util/resources/Bundles$2 done
Event: 11.503 loading class sun/text/RuleBasedBreakIterator
Event: 11.503 loading class sun/text/RuleBasedBreakIterator done
Event: 11.504 loading class sun/text/CompactByteArray
Event: 11.504 loading class sun/text/CompactByteArray done
Event: 11.505 loading class sun/text/SupplementaryCharacterData
Event: 11.505 loading class sun/text/SupplementaryCharacterData done
Event: 11.505 loading class java/text/BreakIterator$BreakIteratorCache
Event: 11.505 loading class java/text/BreakIterator$BreakIteratorCache done
Event: 11.518 Loaded shared library C:\Users\olisavo\.openjfx\cache\13\prism_d3d.dll
Event: 11.538 Loaded shared library C:\Users\olisavo\.openjfx\cache\13\prism_d3d.dll
Event: 12.621 loading class java/lang/Throwable$WrappedPrintStream
Event: 12.621 loading class java/lang/Throwable$PrintStreamOrWriter
Event: 12.621 loading class java/lang/Throwable$PrintStreamOrWriter done
Event: 12.621 loading class java/lang/Throwable$WrappedPrintStream done
Event: 12.635 loading class java/util/LinkedList$ListItr
Event: 12.635 loading class java/util/LinkedList$ListItr done


Dynamic libraries:
0x00007ff6c5d00000 - 0x00007ff6c5d0f000 	C:\Program Files\Java\jdk-15.0.2\bin\java.exe
0x00007ffac28d0000 - 0x00007ffac2ac5000 	C:\Windows\SYSTEM32\ntdll.dll
0x00007ffac17f0000 - 0x00007ffac18ad000 	C:\Windows\System32\KERNEL32.DLL
0x00007ffac04b0000 - 0x00007ffac0778000 	C:\Windows\System32\KERNELBASE.dll
0x00007ffac00e0000 - 0x00007ffac01e0000 	C:\Windows\System32\ucrtbase.dll
0x00007ffab7db0000 - 0x00007ffab7dc9000 	C:\Program Files\Java\jdk-15.0.2\bin\VCRUNTIME140.dll
0x00007ffaab7f0000 - 0x00007ffaab808000 	C:\Program Files\Java\jdk-15.0.2\bin\jli.dll
0x00007ffac1370000 - 0x00007ffac141c000 	C:\Windows\System32\ADVAPI32.dll
0x00007ffac14d0000 - 0x00007ffac156e000 	C:\Windows\System32\msvcrt.dll
0x00007ffac2640000 - 0x00007ffac26db000 	C:\Windows\System32\sechost.dll
0x00007ffac1100000 - 0x00007ffac122b000 	C:\Windows\System32\RPCRT4.dll
0x00007ffac1570000 - 0x00007ffac1710000 	C:\Windows\System32\USER32.dll
0x00007ffac03a0000 - 0x00007ffac03c2000 	C:\Windows\System32\win32u.dll
0x00007ffaa7bd0000 - 0x00007ffaa7e6a000 	C:\Windows\WinSxS\amd64_microsoft.windows.common-controls_6595b64144ccf1df_6.0.19041.844_none_ca00b6081b84eb1d\COMCTL32.dll
0x00007ffac19e0000 - 0x00007ffac1a0a000 	C:\Windows\System32\GDI32.dll
0x00007ffac0290000 - 0x00007ffac039b000 	C:\Windows\System32\gdi32full.dll
0x00007ffac0040000 - 0x00007ffac00dd000 	C:\Windows\System32\msvcp_win.dll
0x00007ffab9530000 - 0x00007ffab953a000 	C:\Windows\SYSTEM32\VERSION.dll
0x00007ffac2740000 - 0x00007ffac2770000 	C:\Windows\System32\IMM32.DLL
0x00007ffabb250000 - 0x00007ffabb25c000 	C:\Program Files\Java\jdk-15.0.2\bin\vcruntime140_1.dll
0x00007ffa914b0000 - 0x00007ffa91541000 	C:\Program Files\Java\jdk-15.0.2\bin\msvcp140.dll
0x00007ffa83a90000 - 0x00007ffa845ee000 	C:\Program Files\Java\jdk-15.0.2\bin\server\jvm.dll
0x00007ffac1230000 - 0x00007ffac1238000 	C:\Windows\System32\PSAPI.DLL
0x00007ffaa59b0000 - 0x00007ffaa59d7000 	C:\Windows\SYSTEM32\WINMM.dll
0x00007ffabb330000 - 0x00007ffabb339000 	C:\Windows\SYSTEM32\WSOCK32.dll
0x00007ffac1770000 - 0x00007ffac17db000 	C:\Windows\System32\WS2_32.dll
0x00007ffabe7d0000 - 0x00007ffabe7e2000 	C:\Windows\SYSTEM32\kernel.appcore.dll
0x00007ffaba4f0000 - 0x00007ffaba4fa000 	C:\Program Files\Java\jdk-15.0.2\bin\jimage.dll
0x00007ffabe5b0000 - 0x00007ffabe794000 	C:\Windows\SYSTEM32\DBGHELP.DLL
0x00007ffa9efb0000 - 0x00007ffa9efdc000 	C:\Windows\SYSTEM32\dbgcore.DLL
0x00007ffac03d0000 - 0x00007ffac0450000 	C:\Windows\System32\bcryptPrimitives.dll
0x00007ffaab2a0000 - 0x00007ffaab2c5000 	C:\Program Files\Java\jdk-15.0.2\bin\java.dll
0x00007ffac09b0000 - 0x00007ffac10f2000 	C:\Windows\System32\SHELL32.dll
0x00007ffabdd10000 - 0x00007ffabe4a1000 	C:\Windows\SYSTEM32\windows.storage.dll
0x00007ffac1b80000 - 0x00007ffac1ed5000 	C:\Windows\System32\combase.dll
0x00007ffabfa10000 - 0x00007ffabfa3c000 	C:\Windows\SYSTEM32\Wldp.dll
0x00007ffac2590000 - 0x00007ffac263e000 	C:\Windows\System32\SHCORE.dll
0x00007ffac1710000 - 0x00007ffac1765000 	C:\Windows\System32\shlwapi.dll
0x00007ffabff50000 - 0x00007ffabff6f000 	C:\Windows\SYSTEM32\profapi.dll
0x00007ffaab310000 - 0x00007ffaab329000 	C:\Program Files\Java\jdk-15.0.2\bin\net.dll
0x00007ffabf040000 - 0x00007ffabf14b000 	C:\Windows\SYSTEM32\WINHTTP.dll
0x00007ffabf780000 - 0x00007ffabf7ea000 	C:\Windows\system32\mswsock.dll
0x00007ffaab270000 - 0x00007ffaab282000 	C:\Program Files\Java\jdk-15.0.2\bin\nio.dll
0x00007ffaab230000 - 0x00007ffaab248000 	C:\Program Files\Java\jdk-15.0.2\bin\zip.dll
0x000001d3274a0000 - 0x000001d3274a3000 	C:\Users\olisavo\.openjfx\cache\13\api-ms-win-core-console-l1-1-0.dll
0x000001d3274b0000 - 0x000001d3274b3000 	C:\Users\olisavo\.openjfx\cache\13\api-ms-win-core-datetime-l1-1-0.dll
0x000001d329430000 - 0x000001d329433000 	C:\Users\olisavo\.openjfx\cache\13\api-ms-win-core-debug-l1-1-0.dll
0x000001d329440000 - 0x000001d329443000 	C:\Users\olisavo\.openjfx\cache\13\api-ms-win-core-errorhandling-l1-1-0.dll
0x000001d329450000 - 0x000001d329454000 	C:\Users\olisavo\.openjfx\cache\13\api-ms-win-core-file-l1-1-0.dll
0x000001d329460000 - 0x000001d329463000 	C:\Users\olisavo\.openjfx\cache\13\api-ms-win-core-file-l1-2-0.dll
0x000001d34dfe0000 - 0x000001d34dfe3000 	C:\Users\olisavo\.openjfx\cache\13\api-ms-win-core-file-l2-1-0.dll
0x000001d34dff0000 - 0x000001d34dff3000 	C:\Users\olisavo\.openjfx\cache\13\api-ms-win-core-handle-l1-1-0.dll
0x000001d34e000000 - 0x000001d34e003000 	C:\Users\olisavo\.openjfx\cache\13\api-ms-win-core-heap-l1-1-0.dll
0x000001d34e010000 - 0x000001d34e013000 	C:\Users\olisavo\.openjfx\cache\13\api-ms-win-core-interlocked-l1-1-0.dll
0x000001d34e020000 - 0x000001d34e023000 	C:\Users\olisavo\.openjfx\cache\13\api-ms-win-core-libraryloader-l1-1-0.dll
0x000001d34e030000 - 0x000001d34e033000 	C:\Users\olisavo\.openjfx\cache\13\api-ms-win-core-localization-l1-2-0.dll
0x000001d34e040000 - 0x000001d34e043000 	C:\Users\olisavo\.openjfx\cache\13\api-ms-win-core-memory-l1-1-0.dll
0x000001d34e050000 - 0x000001d34e053000 	C:\Users\olisavo\.openjfx\cache\13\api-ms-win-core-namedpipe-l1-1-0.dll
0x000001d34e060000 - 0x000001d34e063000 	C:\Users\olisavo\.openjfx\cache\13\api-ms-win-core-processenvironment-l1-1-0.dll
0x000001d34e070000 - 0x000001d34e073000 	C:\Users\olisavo\.openjfx\cache\13\api-ms-win-core-processthreads-l1-1-0.dll
0x000001d34e080000 - 0x000001d34e083000 	C:\Users\olisavo\.openjfx\cache\13\api-ms-win-core-processthreads-l1-1-1.dll
0x000001d34e090000 - 0x000001d34e093000 	C:\Users\olisavo\.openjfx\cache\13\api-ms-win-core-profile-l1-1-0.dll
0x000001d34e0a0000 - 0x000001d34e0a3000 	C:\Users\olisavo\.openjfx\cache\13\api-ms-win-core-rtlsupport-l1-1-0.dll
0x000001d34e0b0000 - 0x000001d34e0b3000 	C:\Users\olisavo\.openjfx\cache\13\api-ms-win-core-string-l1-1-0.dll
0x000001d34e0c0000 - 0x000001d34e0c3000 	C:\Users\olisavo\.openjfx\cache\13\api-ms-win-core-synch-l1-1-0.dll
0x000001d34e0d0000 - 0x000001d34e0d3000 	C:\Users\olisavo\.openjfx\cache\13\api-ms-win-core-synch-l1-2-0.dll
0x000001d34e0e0000 - 0x000001d34e0e3000 	C:\Users\olisavo\.openjfx\cache\13\api-ms-win-core-sysinfo-l1-1-0.dll
0x000001d34e0f0000 - 0x000001d34e0f3000 	C:\Users\olisavo\.openjfx\cache\13\api-ms-win-core-timezone-l1-1-0.dll
0x000001d34e100000 - 0x000001d34e103000 	C:\Users\olisavo\.openjfx\cache\13\api-ms-win-core-util-l1-1-0.dll
0x000001d34e110000 - 0x000001d34e113000 	C:\Users\olisavo\.openjfx\cache\13\api-ms-win-crt-conio-l1-1-0.dll
0x000001d34e120000 - 0x000001d34e124000 	C:\Users\olisavo\.openjfx\cache\13\api-ms-win-crt-convert-l1-1-0.dll
0x000001d34e130000 - 0x000001d34e133000 	C:\Users\olisavo\.openjfx\cache\13\api-ms-win-crt-environment-l1-1-0.dll
0x000001d34e140000 - 0x000001d34e143000 	C:\Users\olisavo\.openjfx\cache\13\api-ms-win-crt-filesystem-l1-1-0.dll
0x000001d34e150000 - 0x000001d34e153000 	C:\Users\olisavo\.openjfx\cache\13\api-ms-win-crt-heap-l1-1-0.dll
0x000001d34e160000 - 0x000001d34e163000 	C:\Users\olisavo\.openjfx\cache\13\api-ms-win-crt-locale-l1-1-0.dll
0x000001d34e170000 - 0x000001d34e175000 	C:\Users\olisavo\.openjfx\cache\13\api-ms-win-crt-math-l1-1-0.dll
0x000001d34e180000 - 0x000001d34e185000 	C:\Users\olisavo\.openjfx\cache\13\api-ms-win-crt-multibyte-l1-1-0.dll
0x000001d34e190000 - 0x000001d34e1a0000 	C:\Users\olisavo\.openjfx\cache\13\api-ms-win-crt-private-l1-1-0.dll
0x000001d34e1a0000 - 0x000001d34e1a3000 	C:\Users\olisavo\.openjfx\cache\13\api-ms-win-crt-process-l1-1-0.dll
0x000001d34e1b0000 - 0x000001d34e1b4000 	C:\Users\olisavo\.openjfx\cache\13\api-ms-win-crt-runtime-l1-1-0.dll
0x000001d34e1c0000 - 0x000001d34e1c4000 	C:\Users\olisavo\.openjfx\cache\13\api-ms-win-crt-stdio-l1-1-0.dll
0x000001d34e1d0000 - 0x000001d34e1d4000 	C:\Users\olisavo\.openjfx\cache\13\api-ms-win-crt-string-l1-1-0.dll
0x000001d34e1e0000 - 0x000001d34e1e3000 	C:\Users\olisavo\.openjfx\cache\13\api-ms-win-crt-time-l1-1-0.dll
0x000001d34e1f0000 - 0x000001d34e1f3000 	C:\Users\olisavo\.openjfx\cache\13\api-ms-win-crt-utility-l1-1-0.dll
0x00007ffa88360000 - 0x00007ffa8845c000 	C:\Users\olisavo\.openjfx\cache\13\ucrtbase.dll
0x00007ffa9dfd0000 - 0x00007ffa9dfe5000 	C:\Users\olisavo\.openjfx\cache\13\vcruntime140.dll
0x00007ffa88d30000 - 0x00007ffa88dcb000 	C:\Users\olisavo\.openjfx\cache\13\msvcp140.dll
0x00007ffa87dc0000 - 0x00007ffa87e11000 	C:\Users\olisavo\.openjfx\cache\13\concrt140.dll
0x00007ffa9d5b0000 - 0x00007ffa9d5d3000 	C:\Users\olisavo\.openjfx\cache\13\prism_d3d.dll
0x00007ffa856c0000 - 0x00007ffa8588e000 	C:\Windows\system32\d3d9.dll
0x00007ffabd620000 - 0x00007ffabd64f000 	C:\Windows\SYSTEM32\dwmapi.dll
0x00007ffabd3d0000 - 0x00007ffabd46e000 	C:\Windows\system32\uxtheme.dll
0x00007ffa85550000 - 0x00007ffa856b5000 	C:\Windows\System32\DriverStore\FileRepository\iigd_dch.inf_amd64_03d5d2fd71179ae5\igdumdim64.dll
0x00007ffac18b0000 - 0x00007ffac19da000 	C:\Windows\System32\ole32.dll
0x00007ffa5f720000 - 0x00007ffa63f1d000 	C:\Windows\System32\DriverStore\FileRepository\iigd_dch.inf_amd64_03d5d2fd71179ae5\igd9dxva64.dll
0x00007ffac1240000 - 0x00007ffac130d000 	C:\Windows\System32\OLEAUT32.dll
0x00007ffac2120000 - 0x00007ffac2589000 	C:\Windows\System32\SETUPAPI.dll
0x00007ffac0780000 - 0x00007ffac07ce000 	C:\Windows\System32\cfgmgr32.dll
0x00007ffac0010000 - 0x00007ffac0037000 	C:\Windows\System32\bcrypt.dll
0x00007ffab31b0000 - 0x00007ffab3407000 	C:\Windows\System32\DriverStore\FileRepository\iigd_dch.inf_amd64_03d5d2fd71179ae5\igdgmm64.dll
0x00007ffa88ce0000 - 0x00007ffa88d25000 	C:\Users\olisavo\.openjfx\cache\13\glass.dll
0x00007ffac1a10000 - 0x00007ffac1aea000 	C:\Windows\System32\COMDLG32.dll
0x00007ffac2770000 - 0x00007ffac2885000 	C:\Windows\System32\MSCTF.dll
0x00007ffa897e0000 - 0x00007ffa89807000 	C:\Windows\System32\DriverStore\FileRepository\iigd_dch.inf_amd64_03d5d2fd71179ae5\igdinfo64.dll
0x00007ffaad6c0000 - 0x00007ffab02d9000 	C:\Windows\System32\DriverStore\FileRepository\iigd_dch.inf_amd64_03d5d2fd71179ae5\igc64.dll
0x00007ffab5090000 - 0x00007ffab50cb000 	C:\Windows\SYSTEM32\dxcore.dll
0x00007ffa9db20000 - 0x00007ffa9db34000 	C:\Users\olisavo\.openjfx\cache\13\javafx_font.dll
0x00007ffaa8f70000 - 0x00007ffaa91ef000 	C:\Windows\SYSTEM32\dwrite.dll
0x00007ffac1420000 - 0x00007ffac14c9000 	C:\Windows\System32\clbcatq.dll
0x00007ffab90c0000 - 0x00007ffab9274000 	C:\Windows\SYSTEM32\WindowsCodecs.dll
0x00007ffa9a7b0000 - 0x00007ffa9a7ee000 	C:\Windows\system32\dataexchange.dll
0x00007ffabb690000 - 0x00007ffabb8f4000 	C:\Windows\system32\d3d11.dll
0x00007ffabc320000 - 0x00007ffabc505000 	C:\Windows\system32\dcomp.dll
0x00007ffabe840000 - 0x00007ffabe933000 	C:\Windows\system32\dxgi.dll
0x00007ffab9280000 - 0x00007ffab9481000 	C:\Windows\system32\twinapi.appcore.dll
0x00007ffa99a30000 - 0x00007ffa99a64000 	C:\Program Files\Common Files\Microsoft Shared\Ink\rtscom.dll
0x00007ffaaaa80000 - 0x00007ffaaab79000 	C:\Windows\SYSTEM32\textinputframework.dll
0x00007ffabc510000 - 0x00007ffabc86e000 	C:\Windows\System32\CoreUIComponents.dll
0x00007ffabcdd0000 - 0x00007ffabcec2000 	C:\Windows\System32\CoreMessaging.dll
0x00007ffabed00000 - 0x00007ffabed33000 	C:\Windows\SYSTEM32\ntmarta.dll
0x00007ffabb530000 - 0x00007ffabb684000 	C:\Windows\SYSTEM32\wintypes.dll

dbghelp: loaded successfully - version: 4.0.5 - missing functions: none
symbol engine: initialized successfully - sym options: 0x614 - pdb path: .;C:\Program Files\Java\jdk-15.0.2\bin;C:\Windows\SYSTEM32;C:\Windows\WinSxS\amd64_microsoft.windows.common-controls_6595b64144ccf1df_6.0.19041.844_none_ca00b6081b84eb1d;C:\Program Files\Java\jdk-15.0.2\bin\server;C:\Users\olisavo\.openjfx\cache\13;C:\Windows\System32\DriverStore\FileRepository\iigd_dch.inf_amd64_03d5d2fd71179ae5;C:\Program Files\Common Files\Microsoft Shared\Ink

VM Arguments:
jvm_args: --module-path=C:\Users\olisavo\IdeaProjects\LaevadePommitamine\Kood\must-ruut-develop\build\classes\java\main;C:\Users\olisavo\IdeaProjects\LaevadePommitamine\Kood\must-ruut-develop\build\resources\main;C:\Users\olisavo\.gradle\caches\modules-2\files-2.1\org.openjfx\javafx-fxml\13\ee55786ffd820bb7c8dd43d127a54b1141639e29\javafx-fxml-13-win.jar;C:\Users\olisavo\.gradle\caches\modules-2\files-2.1\org.openjfx\javafx-controls\13\7524fd4ab57de51637adb0e99f0220a1ae0ae4dd\javafx-controls-13-win.jar;C:\Users\olisavo\.gradle\caches\modules-2\files-2.1\org.openjfx\javafx-controls\13\6cd7169d2a729846c35fba9dc65af23a10ca253b\javafx-controls-13.jar;C:\Users\olisavo\.gradle\caches\modules-2\files-2.1\org.openjfx\javafx-graphics\13\bbcbc616702a086567585183efcb0ab8eb22a66b\javafx-graphics-13-win.jar;C:\Users\olisavo\.gradle\caches\modules-2\files-2.1\org.openjfx\javafx-graphics\13\a9407212df2b75d557a509ec14a9e8e282494b4e\javafx-graphics-13.jar;C:\Users\olisavo\.gradle\caches\modules-2\files-2.1\org.openjfx\javafx-base\13\6386f02a2b71d8b503c6ca3cd2d2dcb382ce86b4\javafx-base-13-win.jar;C:\Users\olisavo\.gradle\caches\modules-2\files-2.1\org.openjfx\javafx-base\13\43c52e1d11b38514e9d2421ad98ca6a35de12b0\javafx-base-13.jar -Djdk.module.main=must.ruut 
java_command: must.ruut/oop.Graafika_Peaklass -Dfile.encoding=windows-1257 -Duser.country=EE -Duser.language=et -Duser.variant oop.Graafika_Peaklass
java_class_path (initial): <not set>
Launcher Type: SUN_STANDARD

[Global flags]
     intx CICompilerCount                          = 4                                         {product} {ergonomic}
     uint ConcGCThreads                            = 2                                         {product} {ergonomic}
     uint G1ConcRefinementThreads                  = 8                                         {product} {ergonomic}
   size_t G1HeapRegionSize                         = 2097152                                   {product} {ergonomic}
    uintx GCDrainStackTargetSize                   = 64                                        {product} {ergonomic}
   size_t InitialHeapSize                          = 266338304                                 {product} {ergonomic}
   size_t MarkStackSize                            = 4194304                                   {product} {ergonomic}
   size_t MaxHeapSize                              = 4244635648                                {product} {ergonomic}
   size_t MaxNewSize                               = 2545942528                                {product} {ergonomic}
   size_t MinHeapDeltaBytes                        = 2097152                                   {product} {ergonomic}
   size_t MinHeapSize                              = 8388608                                   {product} {ergonomic}
    uintx NonNMethodCodeHeapSize                   = 5839372                                {pd product} {ergonomic}
    uintx NonProfiledCodeHeapSize                  = 122909434                              {pd product} {ergonomic}
    uintx ProfiledCodeHeapSize                     = 122909434                              {pd product} {ergonomic}
    uintx ReservedCodeCacheSize                    = 251658240                              {pd product} {ergonomic}
     bool SegmentedCodeCache                       = true                                      {product} {ergonomic}
   size_t SoftMaxHeapSize                          = 4244635648                             {manageable} {ergonomic}
     bool UseCompressedClassPointers               = true                                 {lp64_product} {ergonomic}
     bool UseCompressedOops                        = true                                 {lp64_product} {ergonomic}
     bool UseG1GC                                  = true                                      {product} {ergonomic}
     bool UseLargePagesIndividualAllocation        = false                                  {pd product} {ergonomic}

Logging:
Log output configuration:
 #0: stdout all=warning uptime,level,tags
 #1: stderr all=off uptime,level,tags

Environment Variables:
PATH=C:\ProgramData\Oracle\Java\javapath;C:\Program Files (x86)\Common Files\Oracle\Java\javapath;C:\Windows\system32;C:\Windows;C:\Windows\System32\Wbem;C:\Windows\System32\WindowsPowerShell\v1.0\;C:\Windows\System32\OpenSSH\;C:\Program Files\Git\cmd;C:\Program Files\SQL Anywhere 17\bin64;C:\Program Files\SQL Anywhere 17\bin32;C:\Users\olisavo\AppData\Local\Microsoft\WindowsApps;C:\Users\olisavo\AppData\Local\Programs\MiKTeX\miktex\bin\x64\;C:\Users\olisavo\AppData\Local\Programs\Microsoft VS Code\bin;C:\Program Files\Java\jdk-15.0.2\bin;
USERNAME=olisavo
OS=Windows_NT
PROCESSOR_IDENTIFIER=Intel64 Family 6 Model 142 Stepping 12, GenuineIntel



---------------  S Y S T E M  ---------------

OS:
 Windows 10 , 64 bit Build 19041 (10.0.19041.928)
OS uptime: 5 days 15:09 hours

CPU: total 8 (initial active 8) (4 cores per cpu, 2 threads per core) family 6 model 142 stepping 12 microcode 0xde, cmov, cx8, fxsr, mmx, sse, sse2, sse3, ssse3, sse4.1, sse4.2, popcnt, vzeroupper, avx, avx2, aes, clmul, erms, 3dnowpref, lzcnt, ht, tsc, tscinvbit, bmi1, bmi2, adx, fma, clflush, clflushopt

Memory: 4k page, system-wide physical 16190M (8162M free)
TotalPageFile size 21054M (AvailPageFile size 7792M)
current process WorkingSet (physical memory assigned to process): 167M, peak: 189M
current process commit charge ("private bytes"): 443M, peak: 469M

vm_info: Java HotSpot(TM) 64-Bit Server VM (15.0.2+7-27) for windows-amd64 JRE (15.0.2+7-27), built on Dec  7 2020 20:07:01 by "mach5one" with unknown MS VC++:1925

END.
