#
# A fatal error has been detected by the Java Runtime Environment:
#
#  EXCEPTION_ACCESS_VIOLATION (0xc0000005) at pc=0x00007ffa84d0b766, pid=11764, tid=8988
#
# JRE version: Java(TM) SE Runtime Environment (15.0.2+7) (build 15.0.2+7-27)
# Java VM: Java HotSpot(TM) 64-Bit Server VM (15.0.2+7-27, mixed mode, sharing, tiered, compressed oops, g1 gc, windows-amd64)
# Problematic frame:
# C  [glass.dll+0x1b766]
#
# No core dump will be written. Minidumps are not enabled by default on client versions of Windows
#
# If you would like to submit a bug report, please visit:
#   https://bugreport.java.com/bugreport/crash.jsp
# The crash happened outside the Java Virtual Machine in native code.
# See problematic frame for where to report the bug.
#

---------------  S U M M A R Y ------------

Command Line: --module-path=C:\Users\olisavo\IdeaProjects\LaevadePommitamine\Kood\must-ruut-develop\build\classes\java\main;C:\Users\olisavo\IdeaProjects\LaevadePommitamine\Kood\must-ruut-develop\build\resources\main;C:\Users\olisavo\.gradle\caches\modules-2\files-2.1\org.openjfx\javafx-fxml\13\ee55786ffd820bb7c8dd43d127a54b1141639e29\javafx-fxml-13-win.jar;C:\Users\olisavo\.gradle\caches\modules-2\files-2.1\org.openjfx\javafx-controls\13\7524fd4ab57de51637adb0e99f0220a1ae0ae4dd\javafx-controls-13-win.jar;C:\Users\olisavo\.gradle\caches\modules-2\files-2.1\org.openjfx\javafx-controls\13\6cd7169d2a729846c35fba9dc65af23a10ca253b\javafx-controls-13.jar;C:\Users\olisavo\.gradle\caches\modules-2\files-2.1\org.openjfx\javafx-graphics\13\bbcbc616702a086567585183efcb0ab8eb22a66b\javafx-graphics-13-win.jar;C:\Users\olisavo\.gradle\caches\modules-2\files-2.1\org.openjfx\javafx-graphics\13\a9407212df2b75d557a509ec14a9e8e282494b4e\javafx-graphics-13.jar;C:\Users\olisavo\.gradle\caches\modules-2\files-2.1\org.openjfx\javafx-base\13\6386f02a2b71d8b503c6ca3cd2d2dcb382ce86b4\javafx-base-13-win.jar;C:\Users\olisavo\.gradle\caches\modules-2\files-2.1\org.openjfx\javafx-base\13\43c52e1d11b38514e9d2421ad98ca6a35de12b0\javafx-base-13.jar -Djdk.module.main=must.ruut must.ruut/oop.Graafika_Peaklass -Dfile.encoding=windows-1257 -Duser.country=EE -Duser.language=et -Duser.variant oop.Graafika_Peaklass

Host: Intel(R) Core(TM) i5-8265U CPU @ 1.60GHz, 8 cores, 15G,  Windows 10 , 64 bit Build 19041 (10.0.19041.928)
Time: Wed May 12 15:57:40 2021 FLE suveaeg elapsed time: 26.090033 seconds (0d 0h 0m 26s)

---------------  T H R E A D  ---------------

Current thread (0x0000020bb1982700):  JavaThread "JavaFX Application Thread" [_thread_in_native, id=8988, stack(0x000000624bb00000,0x000000624bc00000)]

Stack: [0x000000624bb00000,0x000000624bc00000],  sp=0x000000624bbfdd50,  free space=1015k
Native frames: (J=compiled Java code, j=interpreted, Vv=VM code, C=native code)
C  [glass.dll+0x1b766]

Java frames: (J=compiled Java code, j=interpreted, Vv=VM code)
j  com.sun.glass.ui.win.WinWindow._close(J)Z+0 javafx.graphics
j  com.sun.glass.ui.Window.close()V+63 javafx.graphics
j  com.sun.glass.ui.win.WinWindow.close()V+8 javafx.graphics
j  com.sun.glass.ui.Application.terminate()V+75 javafx.graphics
j  com.sun.javafx.tk.quantum.QuantumToolkit.lambda$exit$13()Ljava/lang/Object;+5 javafx.graphics
j  com.sun.javafx.tk.quantum.QuantumToolkit$$Lambda$241+0x0000000800ce9998.get()Ljava/lang/Object;+0 javafx.graphics
j  com.sun.javafx.tk.quantum.QuantumToolkit.runWithRenderLock(Ljava/util/function/Supplier;)Ljava/lang/Object;+7 javafx.graphics
j  com.sun.javafx.tk.quantum.QuantumToolkit.exit()V+26 javafx.graphics
j  com.sun.javafx.application.PlatformImpl.lambda$tkExit$16()V+3 javafx.graphics
j  com.sun.javafx.application.PlatformImpl$$Lambda$240+0x0000000800ce9780.run()V+0 javafx.graphics
j  com.sun.javafx.application.PlatformImpl.lambda$runAndWait$12(Ljava/lang/Runnable;Ljava/util/concurrent/CountDownLatch;)V+1 javafx.graphics
j  com.sun.javafx.application.PlatformImpl$$Lambda$100+0x0000000800bf1fe8.run()V+8 javafx.graphics
j  com.sun.javafx.application.PlatformImpl.lambda$runLater$10(Ljava/lang/Runnable;)Ljava/lang/Void;+1 javafx.graphics
j  com.sun.javafx.application.PlatformImpl$$Lambda$102+0x0000000800bf3258.run()Ljava/lang/Object;+4 javafx.graphics
J 1893 c1 java.security.AccessController.doPrivileged(Ljava/security/PrivilegedAction;Ljava/security/AccessControlContext;)Ljava/lang/Object; java.base@15.0.2 (17 bytes) @ 0x0000020b95aa2664 [0x0000020b95aa2480+0x00000000000001e4]
j  com.sun.javafx.application.PlatformImpl.lambda$runLater$11(Ljava/lang/Runnable;Ljava/security/AccessControlContext;)V+7 javafx.graphics
j  com.sun.javafx.application.PlatformImpl$$Lambda$101+0x0000000800bf29d8.run()V+8 javafx.graphics
J 2271 c1 com.sun.glass.ui.InvokeLaterDispatcher$Future.run()V javafx.graphics (91 bytes) @ 0x0000020b95b96794 [0x0000020b95b96680+0x0000000000000114]
v  ~StubRoutines::call_stub
j  com.sun.glass.ui.win.WinApplication._runLoop(Ljava/lang/Runnable;)V+0 javafx.graphics
j  com.sun.glass.ui.win.WinApplication.lambda$runLoop$3(ILjava/lang/Runnable;)V+8 javafx.graphics
j  com.sun.glass.ui.win.WinApplication$$Lambda$90+0x0000000800be1cd0.run()V+12 javafx.graphics
j  java.lang.Thread.run()V+11 java.base@15.0.2
v  ~StubRoutines::call_stub

siginfo: EXCEPTION_ACCESS_VIOLATION (0xc0000005), reading address 0x0000000000000130


Register to memory mapping:

RIP=0x00007ffa84d0b766 glass.dll
RAX=0x0 is NULL
RBX=0x0 is NULL
RCX=0x0 is NULL
RDX=0x0 is NULL
RSP=0x000000624bbfdd50 is pointing into the stack for thread: 0x0000020bb1982700
RBP=0x0 is NULL
RSI=0x0000020bb196e100 points into unknown readable memory: 0x00007ffa84d18c48 | 48 8c d1 84 fa 7f 00 00
RDI=0x000000624bbfe0c0 is pointing into the stack for thread: 0x0000020bb1982700
R8 =0x000000624bbfe0c0 is pointing into the stack for thread: 0x0000020bb1982700
R9 =0x0 is NULL
R10=0x00007ffa84d18c48 glass.dll
R11=0x0000000000000246 is an unknown value
R12=0x0 is NULL
R13=0x0000000000000401 is an unknown value
R14=0x0 is NULL
R15=0x0 is NULL


Registers:
RAX=0x0000000000000000, RBX=0x0000000000000000, RCX=0x0000000000000000, RDX=0x0000000000000000
RSP=0x000000624bbfdd50, RBP=0x0000000000000000, RSI=0x0000020bb196e100, RDI=0x000000624bbfe0c0
R8 =0x000000624bbfe0c0, R9 =0x0000000000000000, R10=0x00007ffa84d18c48, R11=0x0000000000000246
R12=0x0000000000000000, R13=0x0000000000000401, R14=0x0000000000000000, R15=0x0000000000000000
RIP=0x00007ffa84d0b766, EFLAGS=0x0000000000010206

Top of Stack: (sp=0x000000624bbfdd50)
0x000000624bbfdd50:   0000a14700000578 00007ffa83c77ccc
0x000000624bbfdd60:   0000000000000000 000000624bbfdd70
0x000000624bbfdd70:   000000624bbfe0c0 00007ffa84d0a1a1
0x000000624bbfdd80:   0000000000000401 0000020bb196e100
0x000000624bbfdd90:   000000624bbfded9 0000000000000000
0x000000624bbfdda0:   000000624bbfe0c0 00007ffa84cfa299
0x000000624bbfddb0:   0000000000000401 00007ffac1579fe1
0x000000624bbfddc0:   000000624bbfdf00 0000000000000001
0x000000624bbfddd0:   fffffffffffffffe 00007ffa83da44e5
0x000000624bbfdde0:   0000000000000000 00007ffa84cf17a8
0x000000624bbfddf0:   0000020bb196e100 000000624bbfe0c0
0x000000624bbfde00:   0000000000000401 00000000004307f2
0x000000624bbfde10:   0000000000000000 00007ffac157e858
0x000000624bbfde20:   0000000000000001 000000624bbfe010
0x000000624bbfde30:   0000000000000000 0000000080000022
0x000000624bbfde40:   0000020bb1982700 0000020bb0f46100 

Instructions: (pc=0x00007ffa84d0b766)
0x00007ffa84d0b666:   85 c0 74 08 48 8b c8 e8 ee 00 00 00 48 c7 05 93
0x00007ffa84d0b676:   17 02 00 00 00 00 00 48 83 c4 28 c3 cc cc cc cc
0x00007ffa84d0b686:   cc cc cc cc cc cc cc cc cc cc 48 89 5c 24 08 57
0x00007ffa84d0b696:   48 83 ec 30 48 8b fa 48 8b d9 48 39 91 30 01 00
0x00007ffa84d0b6a6:   00 0f 84 a5 00 00 00 e8 ae 00 00 00 48 8b 93 30
0x00007ffa84d0b6b6:   01 00 00 48 85 d2 75 04 48 8b 53 08 48 89 54 24
0x00007ffa84d0b6c6:   20 4c 8b c7 48 85 ff 75 04 4c 8b 43 08 48 8d 0d
0x00007ffa84d0b6d6:   e6 f9 00 00 4c 89 44 24 28 e8 3c 80 fe ff 48 8b
0x00007ffa84d0b6e6:   4c 24 20 4c 8d 44 24 20 48 8d 15 db f7 ff ff ff
0x00007ffa84d0b6f6:   15 75 10 02 00 48 8b 05 de 13 02 00 48 85 c0 75
0x00007ffa84d0b706:   04 33 c9 eb 03 8b 48 40 4c 8d 44 24 20 48 8d 15
0x00007ffa84d0b716:   f6 f7 ff ff ff 15 58 10 02 00 48 89 bb 30 01 00
0x00007ffa84d0b726:   00 e8 54 35 00 00 4c 8b 05 5d 17 02 00 48 8b c8
0x00007ffa84d0b736:   48 8b 93 c0 00 00 00 4c 8b cf e8 eb 98 fe ff e8
0x00007ffa84d0b746:   36 35 00 00 48 8b c8 e8 4e 34 00 00 48 8b 5c 24
0x00007ffa84d0b756:   40 48 83 c4 30 5f c3 cc cc cc 40 57 48 83 ec 20
0x00007ffa84d0b766:   48 8b 81 30 01 00 00 48 8b f9 48 85 c0 75 04 48
0x00007ffa84d0b776:   8b 41 08 48 3b 05 90 16 02 00 75 3b 48 89 5c 24
0x00007ffa84d0b786:   30 e8 f4 34 00 00 4c 8b 05 ed 16 02 00 48 8b c8
0x00007ffa84d0b796:   48 8b 97 c0 00 00 00 48 8b d8 e8 8b 98 fe ff 48
0x00007ffa84d0b7a6:   8b cb e8 f3 33 00 00 48 8b 5c 24 30 48 c7 05 53
0x00007ffa84d0b7b6:   16 02 00 00 00 00 00 48 83 c4 20 5f c3 cc cc cc
0x00007ffa84d0b7c6:   cc cc cc cc cc cc cc cc cc cc 40 53 48 83 ec 50
0x00007ffa84d0b7d6:   48 8b 05 eb e9 01 00 48 33 c4 48 89 44 24 40 48
0x00007ffa84d0b7e6:   8b d9 48 8b 49 08 ff 15 f6 0e 02 00 85 c0 0f 85
0x00007ffa84d0b7f6:   21 01 00 00 48 8b 4b 08 48 8d 54 24 30 ff 15 1f
0x00007ffa84d0b806:   0d 02 00 48 8b 4b 08 48 8d 54 24 20 ff 15 78 0d
0x00007ffa84d0b816:   02 00 48 8b 4b 08 4c 8d 44 24 20 41 b9 02 00 00
0x00007ffa84d0b826:   00 33 d2 ff 15 69 0d 02 00 8b 44 24 24 2b 44 24
0x00007ffa84d0b836:   34 44 8b 44 24 20 44 2b 44 24 30 8b 54 24 3c 2b
0x00007ffa84d0b846:   54 24 2c 8b 4c 24 38 2b 4c 24 28 89 83 1c 01 00
0x00007ffa84d0b856:   00 44 89 83 18 01 00 00 89 93 24 01 00 00 89 8b 


Stack slot to memory mapping:
stack at sp + 0 slots: 0x0000a14700000578 is an unknown value
stack at sp + 1 slots: 0x00007ffa83c77ccc jvm.dll
stack at sp + 2 slots: 0x0 is NULL
stack at sp + 3 slots: 0x000000624bbfdd70 is pointing into the stack for thread: 0x0000020bb1982700
stack at sp + 4 slots: 0x000000624bbfe0c0 is pointing into the stack for thread: 0x0000020bb1982700
stack at sp + 5 slots: 0x00007ffa84d0a1a1 glass.dll
stack at sp + 6 slots: 0x0000000000000401 is an unknown value
stack at sp + 7 slots: 0x0000020bb196e100 points into unknown readable memory: 0x00007ffa84d18c48 | 48 8c d1 84 fa 7f 00 00


---------------  P R O C E S S  ---------------

Threads class SMR info:
_java_thread_list=0x0000020bb6b50b10, length=17, elements={
0x0000020b8cfd0590, 0x0000020bb060b0b0, 0x0000020bb060bc80, 0x0000020bb0f28c80,
0x0000020bb0f2b740, 0x0000020bb0f2c1f0, 0x0000020bb0f2f0a0, 0x0000020bb0f30b80,
0x0000020bb0f33d60, 0x0000020bb1020e50, 0x0000020bb169ffa0, 0x0000020bb169a6b0,
0x0000020bb19816c0, 0x0000020bb1982700, 0x0000020bb1b13d50, 0x0000020bb1b14220,
0x0000020bb64330f0
}

Java Threads: ( => current thread )
  0x0000020b8cfd0590 JavaThread "main" [_thread_blocked, id=12672, stack(0x000000624a600000,0x000000624a700000)]
  0x0000020bb060b0b0 JavaThread "Reference Handler" daemon [_thread_blocked, id=17448, stack(0x000000624ad00000,0x000000624ae00000)]
  0x0000020bb060bc80 JavaThread "Finalizer" daemon [_thread_blocked, id=7520, stack(0x000000624ae00000,0x000000624af00000)]
  0x0000020bb0f28c80 JavaThread "Signal Dispatcher" daemon [_thread_blocked, id=13964, stack(0x000000624af00000,0x000000624b000000)]
  0x0000020bb0f2b740 JavaThread "Attach Listener" daemon [_thread_blocked, id=12392, stack(0x000000624b000000,0x000000624b100000)]
  0x0000020bb0f2c1f0 JavaThread "Service Thread" daemon [_thread_blocked, id=17576, stack(0x000000624b100000,0x000000624b200000)]
  0x0000020bb0f2f0a0 JavaThread "C2 CompilerThread0" daemon [_thread_blocked, id=6208, stack(0x000000624b200000,0x000000624b300000)]
  0x0000020bb0f30b80 JavaThread "C1 CompilerThread0" daemon [_thread_blocked, id=5232, stack(0x000000624b300000,0x000000624b400000)]
  0x0000020bb0f33d60 JavaThread "Sweeper thread" daemon [_thread_blocked, id=2016, stack(0x000000624b400000,0x000000624b500000)]
  0x0000020bb1020e50 JavaThread "Common-Cleaner" daemon [_thread_blocked, id=16696, stack(0x000000624b500000,0x000000624b600000)]
  0x0000020bb169ffa0 JavaThread "Notification Thread" daemon [_thread_blocked, id=15884, stack(0x000000624b800000,0x000000624b900000)]
  0x0000020bb169a6b0 JavaThread "QuantumRenderer-0" daemon [_thread_blocked, id=4420, stack(0x000000624ba00000,0x000000624bb00000)]
  0x0000020bb19816c0 JavaThread "InvokeLaterDispatcher" daemon [_thread_blocked, id=14824, stack(0x000000624b700000,0x000000624b800000)]
=>0x0000020bb1982700 JavaThread "JavaFX Application Thread" [_thread_in_native, id=8988, stack(0x000000624bb00000,0x000000624bc00000)]
  0x0000020bb1b13d50 JavaThread "Thread-1" daemon [_thread_in_native, id=9244, stack(0x000000624bf00000,0x000000624c000000)]
  0x0000020bb1b14220 JavaThread "JavaFX-Launcher" [_thread_blocked, id=12968, stack(0x000000624c000000,0x000000624c100000)]
  0x0000020bb64330f0 JavaThread "Prism Font Disposer" daemon [_thread_blocked, id=1684, stack(0x000000624c900000,0x000000624ca00000)]

Other Threads:
  0x0000020bb0609880 VMThread "VM Thread" [stack: 0x000000624ac00000,0x000000624ad00000] [id=5804]
  0x0000020b8cfd1740 WatcherThread [stack: 0x000000624b900000,0x000000624ba00000] [id=12908]
  0x0000020b8d020e20 GCTaskThread "GC Thread#0" [stack: 0x000000624a700000,0x000000624a800000] [id=15956]
  0x0000020bb126fad0 GCTaskThread "GC Thread#1" [stack: 0x000000624c100000,0x000000624c200000] [id=10280]
  0x0000020bb126d7c0 GCTaskThread "GC Thread#2" [stack: 0x000000624c200000,0x000000624c300000] [id=4012]
  0x0000020bb126d160 GCTaskThread "GC Thread#3" [stack: 0x000000624c300000,0x000000624c400000] [id=1404]
  0x0000020bb126c170 GCTaskThread "GC Thread#4" [stack: 0x000000624c400000,0x000000624c500000] [id=2100]
  0x0000020bb126cb00 GCTaskThread "GC Thread#5" [stack: 0x000000624c500000,0x000000624c600000] [id=11172]
  0x0000020b8d033e10 ConcurrentGCThread "G1 Main Marker" [stack: 0x000000624a800000,0x000000624a900000] [id=17200]
  0x0000020b8d035830 ConcurrentGCThread "G1 Conc#0" [stack: 0x000000624a900000,0x000000624aa00000] [id=9260]
  0x0000020bb04820c0 ConcurrentGCThread "G1 Refine#0" [stack: 0x000000624aa00000,0x000000624ab00000] [id=14964]
  0x0000020bb0482d40 ConcurrentGCThread "G1 Young RemSet Sampling" [stack: 0x000000624ab00000,0x000000624ac00000] [id=3272]

Threads with active compile tasks:

VM state: not at safepoint (normal execution)

VM Mutex/Monitor currently owned by a thread: None

Heap address: 0x0000000703000000, size: 4048 MB, Compressed Oops mode: Zero based, Oop shift amount: 3
CDS archive(s) mapped at: [0x0000000800000000-0x0000000800b50000-0x0000000800b50000), size 11862016, SharedBaseAddress: 0x0000000800000000, ArchiveRelocationMode: 0.
Compressed class space mapped at: 0x0000000800b50000-0x0000000840b50000, size: 1073741824
Narrow klass base: 0x0000000800000000, Narrow klass shift: 3, Narrow klass range: 0x100000000

GC Precious Log:
 CPUs: 8 total, 8 available
 Memory: 16190M
 Large Page Support: Disabled
 NUMA Support: Disabled
 Compressed Oops: Enabled (Zero based)
 Heap Region Size: 2M
 Heap Min Capacity: 8M
 Heap Initial Capacity: 254M
 Heap Max Capacity: 4048M
 Pre-touch: Disabled
 Parallel Workers: 8
 Concurrent Workers: 2
 Concurrent Refinement Workers: 8
 Periodic GC: Disabled

Heap:
 garbage-first heap   total 260096K, used 25311K [0x0000000703000000, 0x0000000800000000)
  region size 2048K, 15 young (30720K), 2 survivors (4096K)
 Metaspace       used 11869K, capacity 13188K, committed 13440K, reserved 1060864K
  class space    used 1521K, capacity 1659K, committed 1664K, reserved 1048576K

Heap Regions: E=young(eden), S=young(survivor), O=old, HS=humongous(starts), HC=humongous(continues), CS=collection set, F=free, OA=open archive, CA=closed archive, TAMS=top-at-mark-start (previous, next)
|   0|0x0000000703000000, 0x0000000703000000, 0x0000000703200000|  0%| F|  |TAMS 0x0000000703000000, 0x0000000703000000| Untracked 
|   1|0x0000000703200000, 0x0000000703200000, 0x0000000703400000|  0%| F|  |TAMS 0x0000000703200000, 0x0000000703200000| Untracked 
|   2|0x0000000703400000, 0x0000000703400000, 0x0000000703600000|  0%| F|  |TAMS 0x0000000703400000, 0x0000000703400000| Untracked 
|   3|0x0000000703600000, 0x0000000703600000, 0x0000000703800000|  0%| F|  |TAMS 0x0000000703600000, 0x0000000703600000| Untracked 
|   4|0x0000000703800000, 0x0000000703800000, 0x0000000703a00000|  0%| F|  |TAMS 0x0000000703800000, 0x0000000703800000| Untracked 
|   5|0x0000000703a00000, 0x0000000703a00000, 0x0000000703c00000|  0%| F|  |TAMS 0x0000000703a00000, 0x0000000703a00000| Untracked 
|   6|0x0000000703c00000, 0x0000000703c00000, 0x0000000703e00000|  0%| F|  |TAMS 0x0000000703c00000, 0x0000000703c00000| Untracked 
|   7|0x0000000703e00000, 0x0000000703e00000, 0x0000000704000000|  0%| F|  |TAMS 0x0000000703e00000, 0x0000000703e00000| Untracked 
|   8|0x0000000704000000, 0x0000000704000000, 0x0000000704200000|  0%| F|  |TAMS 0x0000000704000000, 0x0000000704000000| Untracked 
|   9|0x0000000704200000, 0x0000000704200000, 0x0000000704400000|  0%| F|  |TAMS 0x0000000704200000, 0x0000000704200000| Untracked 
|  10|0x0000000704400000, 0x0000000704400000, 0x0000000704600000|  0%| F|  |TAMS 0x0000000704400000, 0x0000000704400000| Untracked 
|  11|0x0000000704600000, 0x0000000704600000, 0x0000000704800000|  0%| F|  |TAMS 0x0000000704600000, 0x0000000704600000| Untracked 
|  12|0x0000000704800000, 0x0000000704800000, 0x0000000704a00000|  0%| F|  |TAMS 0x0000000704800000, 0x0000000704800000| Untracked 
|  13|0x0000000704a00000, 0x0000000704a00000, 0x0000000704c00000|  0%| F|  |TAMS 0x0000000704a00000, 0x0000000704a00000| Untracked 
|  14|0x0000000704c00000, 0x0000000704c00000, 0x0000000704e00000|  0%| F|  |TAMS 0x0000000704c00000, 0x0000000704c00000| Untracked 
|  15|0x0000000704e00000, 0x0000000704e00000, 0x0000000705000000|  0%| F|  |TAMS 0x0000000704e00000, 0x0000000704e00000| Untracked 
|  16|0x0000000705000000, 0x0000000705000000, 0x0000000705200000|  0%| F|  |TAMS 0x0000000705000000, 0x0000000705000000| Untracked 
|  17|0x0000000705200000, 0x0000000705200000, 0x0000000705400000|  0%| F|  |TAMS 0x0000000705200000, 0x0000000705200000| Untracked 
|  18|0x0000000705400000, 0x0000000705400000, 0x0000000705600000|  0%| F|  |TAMS 0x0000000705400000, 0x0000000705400000| Untracked 
|  19|0x0000000705600000, 0x0000000705600000, 0x0000000705800000|  0%| F|  |TAMS 0x0000000705600000, 0x0000000705600000| Untracked 
|  20|0x0000000705800000, 0x0000000705800000, 0x0000000705a00000|  0%| F|  |TAMS 0x0000000705800000, 0x0000000705800000| Untracked 
|  21|0x0000000705a00000, 0x0000000705a00000, 0x0000000705c00000|  0%| F|  |TAMS 0x0000000705a00000, 0x0000000705a00000| Untracked 
|  22|0x0000000705c00000, 0x0000000705c00000, 0x0000000705e00000|  0%| F|  |TAMS 0x0000000705c00000, 0x0000000705c00000| Untracked 
|  23|0x0000000705e00000, 0x0000000705e00000, 0x0000000706000000|  0%| F|  |TAMS 0x0000000705e00000, 0x0000000705e00000| Untracked 
|  24|0x0000000706000000, 0x0000000706000000, 0x0000000706200000|  0%| F|  |TAMS 0x0000000706000000, 0x0000000706000000| Untracked 
|  25|0x0000000706200000, 0x0000000706200000, 0x0000000706400000|  0%| F|  |TAMS 0x0000000706200000, 0x0000000706200000| Untracked 
|  26|0x0000000706400000, 0x0000000706400000, 0x0000000706600000|  0%| F|  |TAMS 0x0000000706400000, 0x0000000706400000| Untracked 
|  27|0x0000000706600000, 0x0000000706600000, 0x0000000706800000|  0%| F|  |TAMS 0x0000000706600000, 0x0000000706600000| Untracked 
|  28|0x0000000706800000, 0x0000000706800000, 0x0000000706a00000|  0%| F|  |TAMS 0x0000000706800000, 0x0000000706800000| Untracked 
|  29|0x0000000706a00000, 0x0000000706a00000, 0x0000000706c00000|  0%| F|  |TAMS 0x0000000706a00000, 0x0000000706a00000| Untracked 
|  30|0x0000000706c00000, 0x0000000706c00000, 0x0000000706e00000|  0%| F|  |TAMS 0x0000000706c00000, 0x0000000706c00000| Untracked 
|  31|0x0000000706e00000, 0x0000000706e00000, 0x0000000707000000|  0%| F|  |TAMS 0x0000000706e00000, 0x0000000706e00000| Untracked 
|  32|0x0000000707000000, 0x0000000707000000, 0x0000000707200000|  0%| F|  |TAMS 0x0000000707000000, 0x0000000707000000| Untracked 
|  33|0x0000000707200000, 0x0000000707200000, 0x0000000707400000|  0%| F|  |TAMS 0x0000000707200000, 0x0000000707200000| Untracked 
|  34|0x0000000707400000, 0x0000000707400000, 0x0000000707600000|  0%| F|  |TAMS 0x0000000707400000, 0x0000000707400000| Untracked 
|  35|0x0000000707600000, 0x0000000707600000, 0x0000000707800000|  0%| F|  |TAMS 0x0000000707600000, 0x0000000707600000| Untracked 
|  36|0x0000000707800000, 0x0000000707800000, 0x0000000707a00000|  0%| F|  |TAMS 0x0000000707800000, 0x0000000707800000| Untracked 
|  37|0x0000000707a00000, 0x0000000707a00000, 0x0000000707c00000|  0%| F|  |TAMS 0x0000000707a00000, 0x0000000707a00000| Untracked 
|  38|0x0000000707c00000, 0x0000000707c00000, 0x0000000707e00000|  0%| F|  |TAMS 0x0000000707c00000, 0x0000000707c00000| Untracked 
|  39|0x0000000707e00000, 0x0000000707e00000, 0x0000000708000000|  0%| F|  |TAMS 0x0000000707e00000, 0x0000000707e00000| Untracked 
|  40|0x0000000708000000, 0x0000000708000000, 0x0000000708200000|  0%| F|  |TAMS 0x0000000708000000, 0x0000000708000000| Untracked 
|  41|0x0000000708200000, 0x0000000708200000, 0x0000000708400000|  0%| F|  |TAMS 0x0000000708200000, 0x0000000708200000| Untracked 
|  42|0x0000000708400000, 0x0000000708400000, 0x0000000708600000|  0%| F|  |TAMS 0x0000000708400000, 0x0000000708400000| Untracked 
|  43|0x0000000708600000, 0x0000000708600000, 0x0000000708800000|  0%| F|  |TAMS 0x0000000708600000, 0x0000000708600000| Untracked 
|  44|0x0000000708800000, 0x0000000708800000, 0x0000000708a00000|  0%| F|  |TAMS 0x0000000708800000, 0x0000000708800000| Untracked 
|  45|0x0000000708a00000, 0x0000000708a00000, 0x0000000708c00000|  0%| F|  |TAMS 0x0000000708a00000, 0x0000000708a00000| Untracked 
|  46|0x0000000708c00000, 0x0000000708c00000, 0x0000000708e00000|  0%| F|  |TAMS 0x0000000708c00000, 0x0000000708c00000| Untracked 
|  47|0x0000000708e00000, 0x0000000708e00000, 0x0000000709000000|  0%| F|  |TAMS 0x0000000708e00000, 0x0000000708e00000| Untracked 
|  48|0x0000000709000000, 0x0000000709000000, 0x0000000709200000|  0%| F|  |TAMS 0x0000000709000000, 0x0000000709000000| Untracked 
|  49|0x0000000709200000, 0x0000000709200000, 0x0000000709400000|  0%| F|  |TAMS 0x0000000709200000, 0x0000000709200000| Untracked 
|  50|0x0000000709400000, 0x0000000709400000, 0x0000000709600000|  0%| F|  |TAMS 0x0000000709400000, 0x0000000709400000| Untracked 
|  51|0x0000000709600000, 0x0000000709600000, 0x0000000709800000|  0%| F|  |TAMS 0x0000000709600000, 0x0000000709600000| Untracked 
|  52|0x0000000709800000, 0x0000000709800000, 0x0000000709a00000|  0%| F|  |TAMS 0x0000000709800000, 0x0000000709800000| Untracked 
|  53|0x0000000709a00000, 0x0000000709a00000, 0x0000000709c00000|  0%| F|  |TAMS 0x0000000709a00000, 0x0000000709a00000| Untracked 
|  54|0x0000000709c00000, 0x0000000709c00000, 0x0000000709e00000|  0%| F|  |TAMS 0x0000000709c00000, 0x0000000709c00000| Untracked 
|  55|0x0000000709e00000, 0x0000000709e00000, 0x000000070a000000|  0%| F|  |TAMS 0x0000000709e00000, 0x0000000709e00000| Untracked 
|  56|0x000000070a000000, 0x000000070a000000, 0x000000070a200000|  0%| F|  |TAMS 0x000000070a000000, 0x000000070a000000| Untracked 
|  57|0x000000070a200000, 0x000000070a200000, 0x000000070a400000|  0%| F|  |TAMS 0x000000070a200000, 0x000000070a200000| Untracked 
|  58|0x000000070a400000, 0x000000070a400000, 0x000000070a600000|  0%| F|  |TAMS 0x000000070a400000, 0x000000070a400000| Untracked 
|  59|0x000000070a600000, 0x000000070a600000, 0x000000070a800000|  0%| F|  |TAMS 0x000000070a600000, 0x000000070a600000| Untracked 
|  60|0x000000070a800000, 0x000000070a800000, 0x000000070aa00000|  0%| F|  |TAMS 0x000000070a800000, 0x000000070a800000| Untracked 
|  61|0x000000070aa00000, 0x000000070aa00000, 0x000000070ac00000|  0%| F|  |TAMS 0x000000070aa00000, 0x000000070aa00000| Untracked 
|  62|0x000000070ac00000, 0x000000070ac00000, 0x000000070ae00000|  0%| F|  |TAMS 0x000000070ac00000, 0x000000070ac00000| Untracked 
|  63|0x000000070ae00000, 0x000000070ae00000, 0x000000070b000000|  0%| F|  |TAMS 0x000000070ae00000, 0x000000070ae00000| Untracked 
|  64|0x000000070b000000, 0x000000070b000000, 0x000000070b200000|  0%| F|  |TAMS 0x000000070b000000, 0x000000070b000000| Untracked 
|  65|0x000000070b200000, 0x000000070b200000, 0x000000070b400000|  0%| F|  |TAMS 0x000000070b200000, 0x000000070b200000| Untracked 
|  66|0x000000070b400000, 0x000000070b400000, 0x000000070b600000|  0%| F|  |TAMS 0x000000070b400000, 0x000000070b400000| Untracked 
|  67|0x000000070b600000, 0x000000070b600000, 0x000000070b800000|  0%| F|  |TAMS 0x000000070b600000, 0x000000070b600000| Untracked 
|  68|0x000000070b800000, 0x000000070b800000, 0x000000070ba00000|  0%| F|  |TAMS 0x000000070b800000, 0x000000070b800000| Untracked 
|  69|0x000000070ba00000, 0x000000070ba00000, 0x000000070bc00000|  0%| F|  |TAMS 0x000000070ba00000, 0x000000070ba00000| Untracked 
|  70|0x000000070bc00000, 0x000000070bc00000, 0x000000070be00000|  0%| F|  |TAMS 0x000000070bc00000, 0x000000070bc00000| Untracked 
|  71|0x000000070be00000, 0x000000070be00000, 0x000000070c000000|  0%| F|  |TAMS 0x000000070be00000, 0x000000070be00000| Untracked 
|  72|0x000000070c000000, 0x000000070c000000, 0x000000070c200000|  0%| F|  |TAMS 0x000000070c000000, 0x000000070c000000| Untracked 
|  73|0x000000070c200000, 0x000000070c200000, 0x000000070c400000|  0%| F|  |TAMS 0x000000070c200000, 0x000000070c200000| Untracked 
|  74|0x000000070c400000, 0x000000070c400000, 0x000000070c600000|  0%| F|  |TAMS 0x000000070c400000, 0x000000070c400000| Untracked 
|  75|0x000000070c600000, 0x000000070c600000, 0x000000070c800000|  0%| F|  |TAMS 0x000000070c600000, 0x000000070c600000| Untracked 
|  76|0x000000070c800000, 0x000000070c800000, 0x000000070ca00000|  0%| F|  |TAMS 0x000000070c800000, 0x000000070c800000| Untracked 
|  77|0x000000070ca00000, 0x000000070ca00000, 0x000000070cc00000|  0%| F|  |TAMS 0x000000070ca00000, 0x000000070ca00000| Untracked 
|  78|0x000000070cc00000, 0x000000070cc00000, 0x000000070ce00000|  0%| F|  |TAMS 0x000000070cc00000, 0x000000070cc00000| Untracked 
|  79|0x000000070ce00000, 0x000000070ce00000, 0x000000070d000000|  0%| F|  |TAMS 0x000000070ce00000, 0x000000070ce00000| Untracked 
|  80|0x000000070d000000, 0x000000070d000000, 0x000000070d200000|  0%| F|  |TAMS 0x000000070d000000, 0x000000070d000000| Untracked 
|  81|0x000000070d200000, 0x000000070d200000, 0x000000070d400000|  0%| F|  |TAMS 0x000000070d200000, 0x000000070d200000| Untracked 
|  82|0x000000070d400000, 0x000000070d400000, 0x000000070d600000|  0%| F|  |TAMS 0x000000070d400000, 0x000000070d400000| Untracked 
|  83|0x000000070d600000, 0x000000070d600000, 0x000000070d800000|  0%| F|  |TAMS 0x000000070d600000, 0x000000070d600000| Untracked 
|  84|0x000000070d800000, 0x000000070d800000, 0x000000070da00000|  0%| F|  |TAMS 0x000000070d800000, 0x000000070d800000| Untracked 
|  85|0x000000070da00000, 0x000000070da00000, 0x000000070dc00000|  0%| F|  |TAMS 0x000000070da00000, 0x000000070da00000| Untracked 
|  86|0x000000070dc00000, 0x000000070dc00000, 0x000000070de00000|  0%| F|  |TAMS 0x000000070dc00000, 0x000000070dc00000| Untracked 
|  87|0x000000070de00000, 0x000000070de00000, 0x000000070e000000|  0%| F|  |TAMS 0x000000070de00000, 0x000000070de00000| Untracked 
|  88|0x000000070e000000, 0x000000070e000000, 0x000000070e200000|  0%| F|  |TAMS 0x000000070e000000, 0x000000070e000000| Untracked 
|  89|0x000000070e200000, 0x000000070e200000, 0x000000070e400000|  0%| F|  |TAMS 0x000000070e200000, 0x000000070e200000| Untracked 
|  90|0x000000070e400000, 0x000000070e400000, 0x000000070e600000|  0%| F|  |TAMS 0x000000070e400000, 0x000000070e400000| Untracked 
|  91|0x000000070e600000, 0x000000070e600000, 0x000000070e800000|  0%| F|  |TAMS 0x000000070e600000, 0x000000070e600000| Untracked 
|  92|0x000000070e800000, 0x000000070e800000, 0x000000070ea00000|  0%| F|  |TAMS 0x000000070e800000, 0x000000070e800000| Untracked 
|  93|0x000000070ea00000, 0x000000070ea00000, 0x000000070ec00000|  0%| F|  |TAMS 0x000000070ea00000, 0x000000070ea00000| Untracked 
|  94|0x000000070ec00000, 0x000000070ec00000, 0x000000070ee00000|  0%| F|  |TAMS 0x000000070ec00000, 0x000000070ec00000| Untracked 
|  95|0x000000070ee00000, 0x000000070ee00000, 0x000000070f000000|  0%| F|  |TAMS 0x000000070ee00000, 0x000000070ee00000| Untracked 
|  96|0x000000070f000000, 0x000000070f000000, 0x000000070f200000|  0%| F|  |TAMS 0x000000070f000000, 0x000000070f000000| Untracked 
|  97|0x000000070f200000, 0x000000070f200000, 0x000000070f400000|  0%| F|  |TAMS 0x000000070f200000, 0x000000070f200000| Untracked 
|  98|0x000000070f400000, 0x000000070f400000, 0x000000070f600000|  0%| F|  |TAMS 0x000000070f400000, 0x000000070f400000| Untracked 
|  99|0x000000070f600000, 0x000000070f600000, 0x000000070f800000|  0%| F|  |TAMS 0x000000070f600000, 0x000000070f600000| Untracked 
| 100|0x000000070f800000, 0x000000070f800000, 0x000000070fa00000|  0%| F|  |TAMS 0x000000070f800000, 0x000000070f800000| Untracked 
| 101|0x000000070fa00000, 0x000000070fa00000, 0x000000070fc00000|  0%| F|  |TAMS 0x000000070fa00000, 0x000000070fa00000| Untracked 
| 102|0x000000070fc00000, 0x000000070fc00000, 0x000000070fe00000|  0%| F|  |TAMS 0x000000070fc00000, 0x000000070fc00000| Untracked 
| 103|0x000000070fe00000, 0x000000070fe00000, 0x0000000710000000|  0%| F|  |TAMS 0x000000070fe00000, 0x000000070fe00000| Untracked 
| 104|0x0000000710000000, 0x0000000710000000, 0x0000000710200000|  0%| F|  |TAMS 0x0000000710000000, 0x0000000710000000| Untracked 
| 105|0x0000000710200000, 0x0000000710200000, 0x0000000710400000|  0%| F|  |TAMS 0x0000000710200000, 0x0000000710200000| Untracked 
| 106|0x0000000710400000, 0x0000000710400000, 0x0000000710600000|  0%| F|  |TAMS 0x0000000710400000, 0x0000000710400000| Untracked 
| 107|0x0000000710600000, 0x0000000710600000, 0x0000000710800000|  0%| F|  |TAMS 0x0000000710600000, 0x0000000710600000| Untracked 
| 108|0x0000000710800000, 0x0000000710800000, 0x0000000710a00000|  0%| F|  |TAMS 0x0000000710800000, 0x0000000710800000| Untracked 
| 109|0x0000000710a00000, 0x0000000710a00000, 0x0000000710c00000|  0%| F|  |TAMS 0x0000000710a00000, 0x0000000710a00000| Untracked 
| 110|0x0000000710c00000, 0x0000000710c00000, 0x0000000710e00000|  0%| F|  |TAMS 0x0000000710c00000, 0x0000000710c00000| Untracked 
| 111|0x0000000710e00000, 0x0000000710e00000, 0x0000000711000000|  0%| F|  |TAMS 0x0000000710e00000, 0x0000000710e00000| Untracked 
| 112|0x0000000711000000, 0x00000007111f9870, 0x0000000711200000| 98%| E|  |TAMS 0x0000000711000000, 0x0000000711000000| Complete 
| 113|0x0000000711200000, 0x0000000711400000, 0x0000000711400000|100%| E|CS|TAMS 0x0000000711200000, 0x0000000711200000| Complete 
| 114|0x0000000711400000, 0x00000007114b7d98, 0x0000000711600000| 35%| S|CS|TAMS 0x0000000711400000, 0x0000000711400000| Complete 
| 115|0x0000000711600000, 0x0000000711800000, 0x0000000711800000|100%| S|CS|TAMS 0x0000000711600000, 0x0000000711600000| Complete 
| 116|0x0000000711800000, 0x0000000711a00000, 0x0000000711a00000|100%| E|CS|TAMS 0x0000000711800000, 0x0000000711800000| Complete 
| 117|0x0000000711a00000, 0x0000000711c00000, 0x0000000711c00000|100%| E|CS|TAMS 0x0000000711a00000, 0x0000000711a00000| Complete 
| 118|0x0000000711c00000, 0x0000000711e00000, 0x0000000711e00000|100%| E|CS|TAMS 0x0000000711c00000, 0x0000000711c00000| Complete 
| 119|0x0000000711e00000, 0x0000000712000000, 0x0000000712000000|100%| E|  |TAMS 0x0000000711e00000, 0x0000000711e00000| Complete 
| 120|0x0000000712000000, 0x0000000712200000, 0x0000000712200000|100%| E|CS|TAMS 0x0000000712000000, 0x0000000712000000| Complete 
| 121|0x0000000712200000, 0x0000000712400000, 0x0000000712400000|100%| E|CS|TAMS 0x0000000712200000, 0x0000000712200000| Complete 
| 122|0x0000000712400000, 0x0000000712600000, 0x0000000712600000|100%| E|CS|TAMS 0x0000000712400000, 0x0000000712400000| Complete 
| 123|0x0000000712600000, 0x0000000712800000, 0x0000000712800000|100%| E|CS|TAMS 0x0000000712600000, 0x0000000712600000| Complete 
| 124|0x0000000712800000, 0x0000000712a00000, 0x0000000712a00000|100%| E|CS|TAMS 0x0000000712800000, 0x0000000712800000| Complete 
| 125|0x0000000712a00000, 0x0000000712c00000, 0x0000000712c00000|100%| E|CS|TAMS 0x0000000712a00000, 0x0000000712a00000| Complete 
| 126|0x0000000712c00000, 0x0000000712e00000, 0x0000000712e00000|100%| E|CS|TAMS 0x0000000712c00000, 0x0000000712c00000| Complete 

Card table byte_map: [0x0000020ba4d40000,0x0000020ba5530000] _byte_map_base: 0x0000020ba1528000

Marking Bits (Prev, Next): (CMBitMap*) 0x0000020b8d0226a0, (CMBitMap*) 0x0000020b8d0226e0
 Prev Bits: [0x0000020ba5d20000, 0x0000020ba9c60000)
 Next Bits: [0x0000020ba9c60000, 0x0000020badba0000)

Polling page: 0x0000020b8aef0000

Metaspace:

Usage:
  Non-class:     11.26 MB capacity,    10.11 MB ( 90%) used,     1.14 MB ( 10%) free+waste,    18.56 KB ( <1%) overhead. 
      Class:      1.62 MB capacity,     1.49 MB ( 92%) used,   129.48 KB (  8%) free+waste,     7.81 KB ( <1%) overhead. 
       Both:     12.88 MB capacity,    11.59 MB ( 90%) used,     1.26 MB ( 10%) free+waste,    26.38 KB ( <1%) overhead. 

Virtual space:
  Non-class space:       12.00 MB reserved,      11.50 MB ( 96%) committed 
      Class space:        1.00 GB reserved,       1.62 MB ( <1%) committed 
             Both:        1.01 GB reserved,      13.12 MB (  1%) committed 

Chunk freelists:
   Non-Class:  55.00 KB
       Class:  5.00 KB
        Both:  60.00 KB

MaxMetaspaceSize: 17179869184.00 GB
CompressedClassSpaceSize: 1.00 GB

CodeHeap 'non-profiled nmethods': size=120000Kb used=869Kb max_used=869Kb free=119130Kb
 bounds [0x0000020b9cce0000, 0x0000020b9cf50000, 0x0000020ba4210000]
CodeHeap 'profiled nmethods': size=120000Kb used=4191Kb max_used=4191Kb free=115809Kb
 bounds [0x0000020b957b0000, 0x0000020b95bd0000, 0x0000020b9cce0000]
CodeHeap 'non-nmethods': size=5760Kb used=1397Kb max_used=1497Kb free=4363Kb
 bounds [0x0000020b95210000, 0x0000020b95480000, 0x0000020b957b0000]
 total_blobs=3058 nmethods=2352 adapters=618
 compilation: enabled
              stopped_count=0, restarted_count=0
 full_count=0

Compilation events (20 events):
Event: 24.364 Thread 0x0000020bb0f2f0a0 2344       4       javafx.scene.input.MouseEvent::<init> (208 bytes)
Event: 24.374 Thread 0x0000020bb0f2f0a0 nmethod 2344 0x0000020b9cdb8290 code [0x0000020b9cdb8460, 0x0000020b9cdb92c8]
Event: 26.068 Thread 0x0000020bb0f30b80 2345       3       jdk.internal.org.objectweb.asm.ClassWriter::toByteArray (1515 bytes)
Event: 26.073 Thread 0x0000020bb0f30b80 nmethod 2345 0x0000020b95bbce10 code [0x0000020b95bbd740, 0x0000020b95bc1658]
Event: 26.073 Thread 0x0000020bb0f30b80 2347       3       sun.nio.cs.SingleByte$Encoder::encode (32 bytes)
Event: 26.074 Thread 0x0000020bb0f30b80 nmethod 2347 0x0000020b95bc3610 code [0x0000020b95bc37c0, 0x0000020b95bc3978]
Event: 26.074 Thread 0x0000020bb0f30b80 2346       3       java.lang.invoke.MethodHandles$Lookup::getDirectMethodNoSecurityManager (18 bytes)
Event: 26.074 Thread 0x0000020bb0f30b80 nmethod 2346 0x0000020b95bc3a90 code [0x0000020b95bc3c40, 0x0000020b95bc3d88]
Event: 26.074 Thread 0x0000020bb0f30b80 2348       3       java.lang.String::getChars (54 bytes)
Event: 26.074 Thread 0x0000020bb0f30b80 nmethod 2348 0x0000020b95bc3e90 code [0x0000020b95bc4080, 0x0000020b95bc44d8]
Event: 26.074 Thread 0x0000020bb0f30b80 2349       3       java.lang.StringLatin1::getChars (12 bytes)
Event: 26.074 Thread 0x0000020bb0f30b80 nmethod 2349 0x0000020b95bc4690 code [0x0000020b95bc4820, 0x0000020b95bc4928]
Event: 26.074 Thread 0x0000020bb0f30b80 2350       3       java.nio.ByteBuffer::arrayOffset (35 bytes)
Event: 26.075 Thread 0x0000020bb0f30b80 nmethod 2350 0x0000020b95bc4a10 code [0x0000020b95bc4be0, 0x0000020b95bc4eb8]
Event: 26.077 Thread 0x0000020bb0f30b80 2351       3       javafx.scene.Node$$Lambda$127/0x0000000800c2a620::changed (17 bytes)
Event: 26.078 Thread 0x0000020bb0f30b80 nmethod 2351 0x0000020b95bc5010 code [0x0000020b95bc5280, 0x0000020b95bc60b8]
Event: 26.078 Thread 0x0000020bb0f30b80 2352       3       javafx.scene.Node::lambda$new$2 (5 bytes)
Event: 26.079 Thread 0x0000020bb0f30b80 nmethod 2352 0x0000020b95bc6510 code [0x0000020b95bc6760, 0x0000020b95bc7318]
Event: 26.079 Thread 0x0000020bb0f30b80 2353       3       javafx.scene.Node$TreeShowingPropertyReadOnly::invalidate (20 bytes)
Event: 26.079 Thread 0x0000020bb0f30b80 nmethod 2353 0x0000020b95bc7690 code [0x0000020b95bc7840, 0x0000020b95bc7ae8]

GC Heap History (2 events):
Event: 0.459 GC heap before
{Heap before GC invocations=0 (full 0):
 garbage-first heap   total 260096K, used 22528K [0x0000000703000000, 0x0000000800000000)
  region size 2048K, 11 young (22528K), 0 survivors (0K)
 Metaspace       used 5392K, capacity 7642K, committed 7808K, reserved 1056768K
  class space    used 663K, capacity 860K, committed 896K, reserved 1048576K
}
Event: 0.462 GC heap after
{Heap after GC invocations=1 (full 0):
 garbage-first heap   total 260096K, used 2783K [0x0000000703000000, 0x0000000800000000)
  region size 2048K, 2 young (4096K), 2 survivors (4096K)
 Metaspace       used 5392K, capacity 7642K, committed 7808K, reserved 1056768K
  class space    used 663K, capacity 860K, committed 896K, reserved 1048576K
}

Deoptimization events (20 events):
Event: 26.066 Thread 0x0000020bb1982700 Uncommon trap: trap_request=0xffffffc6 fr.pc=0x0000020b9cdb61c4 relative=0x0000000000000704
Event: 26.066 Thread 0x0000020bb1982700 Uncommon trap: reason=bimorphic_or_optimized_type_check action=maybe_recompile pc=0x0000020b9cdb61c4 method=com.sun.javafx.event.EventHandlerManager.dispatchCapturingEvent(Ljavafx/event/Event;)Ljavafx/event/Event; @ 1 c2
Event: 26.066 Thread 0x0000020bb1982700 DEOPT PACKING pc=0x0000020b9cdb61c4 sp=0x000000624bbfcc70
Event: 26.066 Thread 0x0000020bb1982700 DEOPT UNPACKING pc=0x0000020b9525e42f sp=0x000000624bbfcc28 mode 2
Event: 26.066 Thread 0x0000020bb1982700 Uncommon trap: trap_request=0xffffffc6 fr.pc=0x0000020b9cdb7544 relative=0x0000000000000704
Event: 26.066 Thread 0x0000020bb1982700 Uncommon trap: reason=bimorphic_or_optimized_type_check action=maybe_recompile pc=0x0000020b9cdb7544 method=com.sun.javafx.event.EventHandlerManager.dispatchBubblingEvent(Ljavafx/event/Event;)Ljavafx/event/Event; @ 1 c2
Event: 26.066 Thread 0x0000020bb1982700 DEOPT PACKING pc=0x0000020b9cdb7544 sp=0x000000624bbfcc70
Event: 26.066 Thread 0x0000020bb1982700 DEOPT UNPACKING pc=0x0000020b9525e42f sp=0x000000624bbfcc28 mode 2
Event: 26.071 Thread 0x0000020bb1982700 Uncommon trap: trap_request=0xffffffc6 fr.pc=0x0000020b9cdb61c4 relative=0x0000000000000704
Event: 26.071 Thread 0x0000020bb1982700 Uncommon trap: reason=bimorphic_or_optimized_type_check action=maybe_recompile pc=0x0000020b9cdb61c4 method=com.sun.javafx.event.EventHandlerManager.dispatchCapturingEvent(Ljavafx/event/Event;)Ljavafx/event/Event; @ 1 c2
Event: 26.071 Thread 0x0000020bb1982700 DEOPT PACKING pc=0x0000020b9cdb61c4 sp=0x000000624bbfb4d0
Event: 26.071 Thread 0x0000020bb1982700 DEOPT UNPACKING pc=0x0000020b9525e42f sp=0x000000624bbfb488 mode 2
Event: 26.072 Thread 0x0000020bb1982700 Uncommon trap: trap_request=0xffffffc6 fr.pc=0x0000020b9cdb7544 relative=0x0000000000000704
Event: 26.072 Thread 0x0000020bb1982700 Uncommon trap: reason=bimorphic_or_optimized_type_check action=maybe_recompile pc=0x0000020b9cdb7544 method=com.sun.javafx.event.EventHandlerManager.dispatchBubblingEvent(Ljavafx/event/Event;)Ljavafx/event/Event; @ 1 c2
Event: 26.072 Thread 0x0000020bb1982700 DEOPT PACKING pc=0x0000020b9cdb7544 sp=0x000000624bbfb4d0
Event: 26.072 Thread 0x0000020bb1982700 DEOPT UNPACKING pc=0x0000020b9525e42f sp=0x000000624bbfb488 mode 2
Event: 26.077 Thread 0x0000020bb1982700 Uncommon trap: trap_request=0xffffff45 fr.pc=0x0000020b9cdb45dc relative=0x00000000000002fc
Event: 26.077 Thread 0x0000020bb1982700 Uncommon trap: reason=unstable_if action=reinterpret pc=0x0000020b9cdb45dc method=com.sun.javafx.event.CompositeEventDispatcher.dispatchBubblingEvent(Ljavafx/event/Event;)Ljavafx/event/Event; @ 19 c2
Event: 26.077 Thread 0x0000020bb1982700 DEOPT PACKING pc=0x0000020b9cdb45dc sp=0x000000624bbfd180
Event: 26.077 Thread 0x0000020bb1982700 DEOPT UNPACKING pc=0x0000020b9525e42f sp=0x000000624bbfd0c8 mode 2

Classes unloaded (0 events):
No events

Classes redefined (0 events):
No events

Internal exceptions (20 events):
Event: 0.500 Thread 0x0000020bb1982700 Exception <a 'java/lang/NoSuchMethodError'{0x0000000712bfe500}: 'java.lang.Object java.lang.invoke.DirectMethodHandle$Holder.newInvokeSpecial(java.lang.Object, java.lang.Object, int, int)'> (0x0000000712bfe500) 
thrown [./open/src/hotspot/share/interpreter/linkResolver.cpp, line 782]
Event: 0.594 Thread 0x0000020bb1982700 Exception <a 'sun/nio/fs/WindowsException'{0x0000000712019118}> (0x0000000712019118) 
thrown [./open/src/hotspot/share/prims/jni.cpp, line 578]
Event: 0.601 Thread 0x0000020bb1982700 Implicit null exception at 0x0000020b9cd00a60 to 0x0000020b9cd00af2
Event: 0.610 Thread 0x0000020bb1982700 Exception <a 'sun/nio/fs/WindowsException'{0x0000000712124de0}> (0x0000000712124de0) 
thrown [./open/src/hotspot/share/prims/jni.cpp, line 578]
Event: 0.621 Thread 0x0000020bb1982700 Implicit null exception at 0x0000020b9cd40e90 to 0x0000020b9cd41308
Event: 0.622 Thread 0x0000020bb1982700 Implicit null exception at 0x0000020b9cd3fe8f to 0x0000020b9cd402f0
Event: 0.622 Thread 0x0000020bb1982700 Implicit null exception at 0x0000020b9cd0382f to 0x0000020b9cd038a9
Event: 0.709 Thread 0x0000020bb1982700 Implicit null exception at 0x0000020b9cd4ffed to 0x0000020b9cd50044
Event: 0.714 Thread 0x0000020bb1982700 Exception <a 'java/lang/NoSuchMethodError'{0x0000000711db9858}: 'java.lang.Object java.lang.invoke.DirectMethodHandle$Holder.invokeInterface(java.lang.Object, java.lang.Object, java.lang.Object)'> (0x0000000711db9858) 
thrown [./open/src/hotspot/share/interpreter/linkResolver.cpp, line 782]
Event: 0.714 Thread 0x0000020bb1982700 Exception <a 'java/lang/IncompatibleClassChangeError'{0x0000000711dbd3d8}: Found class java.lang.Object, but interface was expected> (0x0000000711dbd3d8) 
thrown [./open/src/hotspot/share/interpreter/linkResolver.cpp, line 848]
Event: 0.753 Thread 0x0000020bb1982700 Exception <a 'java/lang/NoSuchMethodError'{0x0000000711b079a8}: 'java.lang.Object java.lang.invoke.DirectMethodHandle$Holder.newInvokeSpecial(java.lang.Object, java.lang.Object, int)'> (0x0000000711b079a8) 
thrown [./open/src/hotspot/share/interpreter/linkResolver.cpp, line 782]
Event: 0.805 Thread 0x0000020bb169a6b0 Exception <a 'java/lang/NoSuchMethodError'{0x000000071187f090}: 'int java.lang.invoke.DirectMethodHandle$Holder.invokeStaticInit(java.lang.Object, java.lang.Object)'> (0x000000071187f090) 
thrown [./open/src/hotspot/share/interpreter/linkResolver.cpp, line 782]
Event: 1.902 Thread 0x0000020bb1982700 Exception <a 'java/lang/NoSuchMethodError'{0x000000071124ba10}: 'long java.lang.invoke.DirectMethodHandle$Holder.invokeStatic(java.lang.Object, java.lang.Object, java.lang.Object)'> (0x000000071124ba10) 
thrown [./open/src/hotspot/share/interpreter/linkResolver.cpp, line 782]
Event: 1.902 Thread 0x0000020bb1982700 Exception <a 'java/lang/NoSuchMethodError'{0x000000071124f3c0}: 'long java.lang.invoke.DirectMethodHandle$Holder.invokeStaticInit(java.lang.Object, java.lang.Object, java.lang.Object)'> (0x000000071124f3c0) 
thrown [./open/src/hotspot/share/interpreter/linkResolver.cpp, line 782]
Event: 1.904 Thread 0x0000020bb1982700 Exception <a 'java/lang/NoSuchMethodError'{0x0000000711267660}: 'java.lang.Object java.lang.invoke.DirectMethodHandle$Holder.newInvokeSpecial(java.lang.Object, java.lang.Object, long)'> (0x0000000711267660) 
thrown [./open/src/hotspot/share/interpreter/linkResolver.cpp, line 782]
Event: 1.904 Thread 0x0000020bb1982700 Exception <a 'java/lang/NoSuchMethodError'{0x000000071126b3d0}: 'java.lang.Object java.lang.invoke.Invokers$Holder.linkToTargetMethod(java.lang.Object, long, java.lang.Object)'> (0x000000071126b3d0) 
thrown [./open/src/hotspot/share/interpreter/linkResolver.cpp, line 782]
Event: 2.770 Thread 0x0000020bb1982700 Exception <a 'java/lang/NoSuchMethodError'{0x0000000711290978}: 'java.lang.Object java.lang.invoke.DirectMethodHandle$Holder.newInvokeSpecial(java.lang.Object, java.lang.Object, int, int, int, int, int, java.lang.Object)'> (0x0000000711290978) 
thrown [./open/src/hotspot/share/interpreter/linkResolver.cpp, line 782]
Event: 2.771 Thread 0x0000020bb1982700 Exception <a 'java/lang/NoSuchMethodError'{0x00000007112a44e8}: 'java.lang.Object java.lang.invoke.DirectMethodHandle$Holder.newInvokeSpecial(java.lang.Object, java.lang.Object, java.lang.Object, int, int, int, int, int)'> (0x00000007112a44e8) 
thrown [./open/src/hotspot/share/interpreter/linkResolver.cpp, line 782]
Event: 2.771 Thread 0x0000020bb1982700 Exception <a 'java/lang/NoSuchMethodError'{0x00000007112ac048}: 'java.lang.Object java.lang.invoke.Invokers$Holder.linkToTargetMethod(java.lang.Object, java.lang.Object, int, int, int, int, int, java.lang.Object)'> (0x00000007112ac048) 
thrown [./open/src/hotspot/share/interpreter/linkResolver.cpp, line 782]
Event: 26.058 Thread 0x0000020bb1982700 Implicit null exception at 0x0000020b9cdb518d to 0x0000020b9cdb55a0

Events (20 events):
Event: 14.934 Executing VM operation: HandshakeAllThreads done
Event: 16.558 Loaded shared library C:\Users\olisavo\.openjfx\cache\13\prism_d3d.dll
Event: 16.935 Executing VM operation: HandshakeAllThreads
Event: 16.935 Executing VM operation: HandshakeAllThreads done
Event: 17.936 Executing VM operation: HandshakeAllThreads
Event: 17.936 Executing VM operation: HandshakeAllThreads done
Event: 18.936 Executing VM operation: HandshakeAllThreads
Event: 18.936 Executing VM operation: HandshakeAllThreads done
Event: 19.936 Executing VM operation: HandshakeAllThreads
Event: 19.936 Executing VM operation: HandshakeAllThreads done
Event: 22.938 Executing VM operation: HandshakeAllThreads
Event: 22.938 Executing VM operation: HandshakeAllThreads done
Event: 23.939 Executing VM operation: HandshakeAllThreads
Event: 23.939 Executing VM operation: HandshakeAllThreads done
Event: 26.073 loading class java/lang/Throwable$WrappedPrintStream
Event: 26.073 loading class java/lang/Throwable$PrintStreamOrWriter
Event: 26.073 loading class java/lang/Throwable$PrintStreamOrWriter done
Event: 26.073 loading class java/lang/Throwable$WrappedPrintStream done
Event: 26.082 loading class java/util/LinkedList$ListItr
Event: 26.082 loading class java/util/LinkedList$ListItr done


Dynamic libraries:
0x00007ff6c5d00000 - 0x00007ff6c5d0f000 	C:\Program Files\Java\jdk-15.0.2\bin\java.exe
0x00007ffac28d0000 - 0x00007ffac2ac5000 	C:\Windows\SYSTEM32\ntdll.dll
0x00007ffac17f0000 - 0x00007ffac18ad000 	C:\Windows\System32\KERNEL32.DLL
0x00007ffac04b0000 - 0x00007ffac0778000 	C:\Windows\System32\KERNELBASE.dll
0x00007ffac00e0000 - 0x00007ffac01e0000 	C:\Windows\System32\ucrtbase.dll
0x00007ffab7db0000 - 0x00007ffab7dc9000 	C:\Program Files\Java\jdk-15.0.2\bin\VCRUNTIME140.dll
0x00007ffaab7f0000 - 0x00007ffaab808000 	C:\Program Files\Java\jdk-15.0.2\bin\jli.dll
0x00007ffac1370000 - 0x00007ffac141c000 	C:\Windows\System32\ADVAPI32.dll
0x00007ffac14d0000 - 0x00007ffac156e000 	C:\Windows\System32\msvcrt.dll
0x00007ffac2640000 - 0x00007ffac26db000 	C:\Windows\System32\sechost.dll
0x00007ffac1100000 - 0x00007ffac122b000 	C:\Windows\System32\RPCRT4.dll
0x00007ffac1570000 - 0x00007ffac1710000 	C:\Windows\System32\USER32.dll
0x00007ffac03a0000 - 0x00007ffac03c2000 	C:\Windows\System32\win32u.dll
0x00007ffaa7bd0000 - 0x00007ffaa7e6a000 	C:\Windows\WinSxS\amd64_microsoft.windows.common-controls_6595b64144ccf1df_6.0.19041.844_none_ca00b6081b84eb1d\COMCTL32.dll
0x00007ffac19e0000 - 0x00007ffac1a0a000 	C:\Windows\System32\GDI32.dll
0x00007ffac0290000 - 0x00007ffac039b000 	C:\Windows\System32\gdi32full.dll
0x00007ffac0040000 - 0x00007ffac00dd000 	C:\Windows\System32\msvcp_win.dll
0x00007ffab9530000 - 0x00007ffab953a000 	C:\Windows\SYSTEM32\VERSION.dll
0x00007ffac2740000 - 0x00007ffac2770000 	C:\Windows\System32\IMM32.DLL
0x00007ffabb250000 - 0x00007ffabb25c000 	C:\Program Files\Java\jdk-15.0.2\bin\vcruntime140_1.dll
0x00007ffa914b0000 - 0x00007ffa91541000 	C:\Program Files\Java\jdk-15.0.2\bin\msvcp140.dll
0x00007ffa83a90000 - 0x00007ffa845ee000 	C:\Program Files\Java\jdk-15.0.2\bin\server\jvm.dll
0x00007ffac1230000 - 0x00007ffac1238000 	C:\Windows\System32\PSAPI.DLL
0x00007ffabb330000 - 0x00007ffabb339000 	C:\Windows\SYSTEM32\WSOCK32.dll
0x00007ffaa59b0000 - 0x00007ffaa59d7000 	C:\Windows\SYSTEM32\WINMM.dll
0x00007ffac1770000 - 0x00007ffac17db000 	C:\Windows\System32\WS2_32.dll
0x00007ffabe7d0000 - 0x00007ffabe7e2000 	C:\Windows\SYSTEM32\kernel.appcore.dll
0x00007ffaba4f0000 - 0x00007ffaba4fa000 	C:\Program Files\Java\jdk-15.0.2\bin\jimage.dll
0x00007ffabe5b0000 - 0x00007ffabe794000 	C:\Windows\SYSTEM32\DBGHELP.DLL
0x00007ffa9efb0000 - 0x00007ffa9efdc000 	C:\Windows\SYSTEM32\dbgcore.DLL
0x00007ffac03d0000 - 0x00007ffac0450000 	C:\Windows\System32\bcryptPrimitives.dll
0x00007ffaab2a0000 - 0x00007ffaab2c5000 	C:\Program Files\Java\jdk-15.0.2\bin\java.dll
0x00007ffac09b0000 - 0x00007ffac10f2000 	C:\Windows\System32\SHELL32.dll
0x00007ffabdd10000 - 0x00007ffabe4a1000 	C:\Windows\SYSTEM32\windows.storage.dll
0x00007ffac1b80000 - 0x00007ffac1ed5000 	C:\Windows\System32\combase.dll
0x00007ffabfa10000 - 0x00007ffabfa3c000 	C:\Windows\SYSTEM32\Wldp.dll
0x00007ffac2590000 - 0x00007ffac263e000 	C:\Windows\System32\SHCORE.dll
0x00007ffac1710000 - 0x00007ffac1765000 	C:\Windows\System32\shlwapi.dll
0x00007ffabff50000 - 0x00007ffabff6f000 	C:\Windows\SYSTEM32\profapi.dll
0x00007ffaab310000 - 0x00007ffaab329000 	C:\Program Files\Java\jdk-15.0.2\bin\net.dll
0x00007ffabf040000 - 0x00007ffabf14b000 	C:\Windows\SYSTEM32\WINHTTP.dll
0x00007ffabf780000 - 0x00007ffabf7ea000 	C:\Windows\system32\mswsock.dll
0x00007ffaab270000 - 0x00007ffaab282000 	C:\Program Files\Java\jdk-15.0.2\bin\nio.dll
0x00007ffaab230000 - 0x00007ffaab248000 	C:\Program Files\Java\jdk-15.0.2\bin\zip.dll
0x0000020b8cfa0000 - 0x0000020b8cfa3000 	C:\Users\olisavo\.openjfx\cache\13\api-ms-win-core-console-l1-1-0.dll
0x0000020bb1b20000 - 0x0000020bb1b23000 	C:\Users\olisavo\.openjfx\cache\13\api-ms-win-core-datetime-l1-1-0.dll
0x0000020bb1b30000 - 0x0000020bb1b33000 	C:\Users\olisavo\.openjfx\cache\13\api-ms-win-core-debug-l1-1-0.dll
0x0000020bb1b40000 - 0x0000020bb1b43000 	C:\Users\olisavo\.openjfx\cache\13\api-ms-win-core-errorhandling-l1-1-0.dll
0x0000020bb1b50000 - 0x0000020bb1b54000 	C:\Users\olisavo\.openjfx\cache\13\api-ms-win-core-file-l1-1-0.dll
0x0000020bb1b60000 - 0x0000020bb1b63000 	C:\Users\olisavo\.openjfx\cache\13\api-ms-win-core-file-l1-2-0.dll
0x0000020bb1b70000 - 0x0000020bb1b73000 	C:\Users\olisavo\.openjfx\cache\13\api-ms-win-core-file-l2-1-0.dll
0x0000020bb1b80000 - 0x0000020bb1b83000 	C:\Users\olisavo\.openjfx\cache\13\api-ms-win-core-handle-l1-1-0.dll
0x0000020bb1b90000 - 0x0000020bb1b93000 	C:\Users\olisavo\.openjfx\cache\13\api-ms-win-core-heap-l1-1-0.dll
0x0000020bb1ba0000 - 0x0000020bb1ba3000 	C:\Users\olisavo\.openjfx\cache\13\api-ms-win-core-interlocked-l1-1-0.dll
0x0000020bb1bb0000 - 0x0000020bb1bb3000 	C:\Users\olisavo\.openjfx\cache\13\api-ms-win-core-libraryloader-l1-1-0.dll
0x0000020bb1bc0000 - 0x0000020bb1bc3000 	C:\Users\olisavo\.openjfx\cache\13\api-ms-win-core-localization-l1-2-0.dll
0x0000020bb1bd0000 - 0x0000020bb1bd3000 	C:\Users\olisavo\.openjfx\cache\13\api-ms-win-core-memory-l1-1-0.dll
0x0000020bb1be0000 - 0x0000020bb1be3000 	C:\Users\olisavo\.openjfx\cache\13\api-ms-win-core-namedpipe-l1-1-0.dll
0x0000020bb1bf0000 - 0x0000020bb1bf3000 	C:\Users\olisavo\.openjfx\cache\13\api-ms-win-core-processenvironment-l1-1-0.dll
0x0000020bb1c00000 - 0x0000020bb1c03000 	C:\Users\olisavo\.openjfx\cache\13\api-ms-win-core-processthreads-l1-1-0.dll
0x0000020bb1c10000 - 0x0000020bb1c13000 	C:\Users\olisavo\.openjfx\cache\13\api-ms-win-core-processthreads-l1-1-1.dll
0x0000020bb1c20000 - 0x0000020bb1c23000 	C:\Users\olisavo\.openjfx\cache\13\api-ms-win-core-profile-l1-1-0.dll
0x0000020bb1c30000 - 0x0000020bb1c33000 	C:\Users\olisavo\.openjfx\cache\13\api-ms-win-core-rtlsupport-l1-1-0.dll
0x0000020bb1c40000 - 0x0000020bb1c43000 	C:\Users\olisavo\.openjfx\cache\13\api-ms-win-core-string-l1-1-0.dll
0x0000020bb1c50000 - 0x0000020bb1c53000 	C:\Users\olisavo\.openjfx\cache\13\api-ms-win-core-synch-l1-1-0.dll
0x0000020bb1c60000 - 0x0000020bb1c63000 	C:\Users\olisavo\.openjfx\cache\13\api-ms-win-core-synch-l1-2-0.dll
0x0000020bb1c70000 - 0x0000020bb1c73000 	C:\Users\olisavo\.openjfx\cache\13\api-ms-win-core-sysinfo-l1-1-0.dll
0x0000020bb1c80000 - 0x0000020bb1c83000 	C:\Users\olisavo\.openjfx\cache\13\api-ms-win-core-timezone-l1-1-0.dll
0x0000020bb1c90000 - 0x0000020bb1c93000 	C:\Users\olisavo\.openjfx\cache\13\api-ms-win-core-util-l1-1-0.dll
0x0000020bb1ca0000 - 0x0000020bb1ca3000 	C:\Users\olisavo\.openjfx\cache\13\api-ms-win-crt-conio-l1-1-0.dll
0x0000020bb1cb0000 - 0x0000020bb1cb4000 	C:\Users\olisavo\.openjfx\cache\13\api-ms-win-crt-convert-l1-1-0.dll
0x0000020bb1cc0000 - 0x0000020bb1cc3000 	C:\Users\olisavo\.openjfx\cache\13\api-ms-win-crt-environment-l1-1-0.dll
0x0000020bb1cd0000 - 0x0000020bb1cd3000 	C:\Users\olisavo\.openjfx\cache\13\api-ms-win-crt-filesystem-l1-1-0.dll
0x0000020bb1ce0000 - 0x0000020bb1ce3000 	C:\Users\olisavo\.openjfx\cache\13\api-ms-win-crt-heap-l1-1-0.dll
0x0000020bb1cf0000 - 0x0000020bb1cf3000 	C:\Users\olisavo\.openjfx\cache\13\api-ms-win-crt-locale-l1-1-0.dll
0x0000020bb1d00000 - 0x0000020bb1d05000 	C:\Users\olisavo\.openjfx\cache\13\api-ms-win-crt-math-l1-1-0.dll
0x0000020bb1d10000 - 0x0000020bb1d15000 	C:\Users\olisavo\.openjfx\cache\13\api-ms-win-crt-multibyte-l1-1-0.dll
0x0000020bb1d20000 - 0x0000020bb1d30000 	C:\Users\olisavo\.openjfx\cache\13\api-ms-win-crt-private-l1-1-0.dll
0x0000020bb1d30000 - 0x0000020bb1d33000 	C:\Users\olisavo\.openjfx\cache\13\api-ms-win-crt-process-l1-1-0.dll
0x0000020bb1d40000 - 0x0000020bb1d44000 	C:\Users\olisavo\.openjfx\cache\13\api-ms-win-crt-runtime-l1-1-0.dll
0x0000020bb1d50000 - 0x0000020bb1d54000 	C:\Users\olisavo\.openjfx\cache\13\api-ms-win-crt-stdio-l1-1-0.dll
0x0000020bb1d60000 - 0x0000020bb1d64000 	C:\Users\olisavo\.openjfx\cache\13\api-ms-win-crt-string-l1-1-0.dll
0x0000020bb1d70000 - 0x0000020bb1d73000 	C:\Users\olisavo\.openjfx\cache\13\api-ms-win-crt-time-l1-1-0.dll
0x0000020bb1d80000 - 0x0000020bb1d83000 	C:\Users\olisavo\.openjfx\cache\13\api-ms-win-crt-utility-l1-1-0.dll
0x00007ffa853d0000 - 0x00007ffa854cc000 	C:\Users\olisavo\.openjfx\cache\13\ucrtbase.dll
0x00007ffa90ed0000 - 0x00007ffa90ee5000 	C:\Users\olisavo\.openjfx\cache\13\vcruntime140.dll
0x00007ffa84d40000 - 0x00007ffa84ddb000 	C:\Users\olisavo\.openjfx\cache\13\msvcp140.dll
0x00007ffa88d70000 - 0x00007ffa88dc1000 	C:\Users\olisavo\.openjfx\cache\13\concrt140.dll
0x00007ffa907f0000 - 0x00007ffa90813000 	C:\Users\olisavo\.openjfx\cache\13\prism_d3d.dll
0x00007ffa80c70000 - 0x00007ffa80e3e000 	C:\Windows\system32\d3d9.dll
0x00007ffabd620000 - 0x00007ffabd64f000 	C:\Windows\SYSTEM32\dwmapi.dll
0x00007ffabd3d0000 - 0x00007ffabd46e000 	C:\Windows\system32\uxtheme.dll
0x00007ffa83570000 - 0x00007ffa836d5000 	C:\Windows\System32\DriverStore\FileRepository\iigd_dch.inf_amd64_03d5d2fd71179ae5\igdumdim64.dll
0x00007ffac18b0000 - 0x00007ffac19da000 	C:\Windows\System32\ole32.dll
0x00007ffa5f720000 - 0x00007ffa63f1d000 	C:\Windows\System32\DriverStore\FileRepository\iigd_dch.inf_amd64_03d5d2fd71179ae5\igd9dxva64.dll
0x00007ffac1240000 - 0x00007ffac130d000 	C:\Windows\System32\OLEAUT32.dll
0x00007ffac2120000 - 0x00007ffac2589000 	C:\Windows\System32\SETUPAPI.dll
0x00007ffac0780000 - 0x00007ffac07ce000 	C:\Windows\System32\cfgmgr32.dll
0x00007ffac0010000 - 0x00007ffac0037000 	C:\Windows\System32\bcrypt.dll
0x00007ffab31b0000 - 0x00007ffab3407000 	C:\Windows\System32\DriverStore\FileRepository\iigd_dch.inf_amd64_03d5d2fd71179ae5\igdgmm64.dll
0x00007ffa84cf0000 - 0x00007ffa84d35000 	C:\Users\olisavo\.openjfx\cache\13\glass.dll
0x00007ffac1a10000 - 0x00007ffac1aea000 	C:\Windows\System32\COMDLG32.dll
0x00007ffac2770000 - 0x00007ffac2885000 	C:\Windows\System32\MSCTF.dll
0x00007ffa897e0000 - 0x00007ffa89807000 	C:\Windows\System32\DriverStore\FileRepository\iigd_dch.inf_amd64_03d5d2fd71179ae5\igdinfo64.dll
0x00007ffaad6c0000 - 0x00007ffab02d9000 	C:\Windows\System32\DriverStore\FileRepository\iigd_dch.inf_amd64_03d5d2fd71179ae5\igc64.dll
0x00007ffab5090000 - 0x00007ffab50cb000 	C:\Windows\SYSTEM32\dxcore.dll
0x00007ffa90780000 - 0x00007ffa90794000 	C:\Users\olisavo\.openjfx\cache\13\javafx_font.dll
0x00007ffaa8f70000 - 0x00007ffaa91ef000 	C:\Windows\SYSTEM32\dwrite.dll
0x00007ffac1420000 - 0x00007ffac14c9000 	C:\Windows\System32\clbcatq.dll
0x00007ffab90c0000 - 0x00007ffab9274000 	C:\Windows\SYSTEM32\WindowsCodecs.dll
0x00007ffa9a7b0000 - 0x00007ffa9a7ee000 	C:\Windows\system32\dataexchange.dll
0x00007ffabb690000 - 0x00007ffabb8f4000 	C:\Windows\system32\d3d11.dll
0x00007ffabc320000 - 0x00007ffabc505000 	C:\Windows\system32\dcomp.dll
0x00007ffabe840000 - 0x00007ffabe933000 	C:\Windows\system32\dxgi.dll
0x00007ffab9280000 - 0x00007ffab9481000 	C:\Windows\system32\twinapi.appcore.dll
0x00007ffa88340000 - 0x00007ffa88374000 	C:\Program Files\Common Files\Microsoft Shared\Ink\rtscom.dll
0x00007ffaaaa80000 - 0x00007ffaaab79000 	C:\Windows\SYSTEM32\textinputframework.dll
0x00007ffabc510000 - 0x00007ffabc86e000 	C:\Windows\System32\CoreUIComponents.dll
0x00007ffabcdd0000 - 0x00007ffabcec2000 	C:\Windows\System32\CoreMessaging.dll
0x00007ffabed00000 - 0x00007ffabed33000 	C:\Windows\SYSTEM32\ntmarta.dll
0x00007ffabb530000 - 0x00007ffabb684000 	C:\Windows\SYSTEM32\wintypes.dll

dbghelp: loaded successfully - version: 4.0.5 - missing functions: none
symbol engine: initialized successfully - sym options: 0x614 - pdb path: .;C:\Program Files\Java\jdk-15.0.2\bin;C:\Windows\SYSTEM32;C:\Windows\WinSxS\amd64_microsoft.windows.common-controls_6595b64144ccf1df_6.0.19041.844_none_ca00b6081b84eb1d;C:\Program Files\Java\jdk-15.0.2\bin\server;C:\Users\olisavo\.openjfx\cache\13;C:\Windows\System32\DriverStore\FileRepository\iigd_dch.inf_amd64_03d5d2fd71179ae5;C:\Program Files\Common Files\Microsoft Shared\Ink

VM Arguments:
jvm_args: --module-path=C:\Users\olisavo\IdeaProjects\LaevadePommitamine\Kood\must-ruut-develop\build\classes\java\main;C:\Users\olisavo\IdeaProjects\LaevadePommitamine\Kood\must-ruut-develop\build\resources\main;C:\Users\olisavo\.gradle\caches\modules-2\files-2.1\org.openjfx\javafx-fxml\13\ee55786ffd820bb7c8dd43d127a54b1141639e29\javafx-fxml-13-win.jar;C:\Users\olisavo\.gradle\caches\modules-2\files-2.1\org.openjfx\javafx-controls\13\7524fd4ab57de51637adb0e99f0220a1ae0ae4dd\javafx-controls-13-win.jar;C:\Users\olisavo\.gradle\caches\modules-2\files-2.1\org.openjfx\javafx-controls\13\6cd7169d2a729846c35fba9dc65af23a10ca253b\javafx-controls-13.jar;C:\Users\olisavo\.gradle\caches\modules-2\files-2.1\org.openjfx\javafx-graphics\13\bbcbc616702a086567585183efcb0ab8eb22a66b\javafx-graphics-13-win.jar;C:\Users\olisavo\.gradle\caches\modules-2\files-2.1\org.openjfx\javafx-graphics\13\a9407212df2b75d557a509ec14a9e8e282494b4e\javafx-graphics-13.jar;C:\Users\olisavo\.gradle\caches\modules-2\files-2.1\org.openjfx\javafx-base\13\6386f02a2b71d8b503c6ca3cd2d2dcb382ce86b4\javafx-base-13-win.jar;C:\Users\olisavo\.gradle\caches\modules-2\files-2.1\org.openjfx\javafx-base\13\43c52e1d11b38514e9d2421ad98ca6a35de12b0\javafx-base-13.jar -Djdk.module.main=must.ruut 
java_command: must.ruut/oop.Graafika_Peaklass -Dfile.encoding=windows-1257 -Duser.country=EE -Duser.language=et -Duser.variant oop.Graafika_Peaklass
java_class_path (initial): <not set>
Launcher Type: SUN_STANDARD

[Global flags]
     intx CICompilerCount                          = 4                                         {product} {ergonomic}
     uint ConcGCThreads                            = 2                                         {product} {ergonomic}
     uint G1ConcRefinementThreads                  = 8                                         {product} {ergonomic}
   size_t G1HeapRegionSize                         = 2097152                                   {product} {ergonomic}
    uintx GCDrainStackTargetSize                   = 64                                        {product} {ergonomic}
   size_t InitialHeapSize                          = 266338304                                 {product} {ergonomic}
   size_t MarkStackSize                            = 4194304                                   {product} {ergonomic}
   size_t MaxHeapSize                              = 4244635648                                {product} {ergonomic}
   size_t MaxNewSize                               = 2545942528                                {product} {ergonomic}
   size_t MinHeapDeltaBytes                        = 2097152                                   {product} {ergonomic}
   size_t MinHeapSize                              = 8388608                                   {product} {ergonomic}
    uintx NonNMethodCodeHeapSize                   = 5839372                                {pd product} {ergonomic}
    uintx NonProfiledCodeHeapSize                  = 122909434                              {pd product} {ergonomic}
    uintx ProfiledCodeHeapSize                     = 122909434                              {pd product} {ergonomic}
    uintx ReservedCodeCacheSize                    = 251658240                              {pd product} {ergonomic}
     bool SegmentedCodeCache                       = true                                      {product} {ergonomic}
   size_t SoftMaxHeapSize                          = 4244635648                             {manageable} {ergonomic}
     bool UseCompressedClassPointers               = true                                 {lp64_product} {ergonomic}
     bool UseCompressedOops                        = true                                 {lp64_product} {ergonomic}
     bool UseG1GC                                  = true                                      {product} {ergonomic}
     bool UseLargePagesIndividualAllocation        = false                                  {pd product} {ergonomic}

Logging:
Log output configuration:
 #0: stdout all=warning uptime,level,tags
 #1: stderr all=off uptime,level,tags

Environment Variables:
PATH=C:\ProgramData\Oracle\Java\javapath;C:\Program Files (x86)\Common Files\Oracle\Java\javapath;C:\Windows\system32;C:\Windows;C:\Windows\System32\Wbem;C:\Windows\System32\WindowsPowerShell\v1.0\;C:\Windows\System32\OpenSSH\;C:\Program Files\Git\cmd;C:\Program Files\SQL Anywhere 17\bin64;C:\Program Files\SQL Anywhere 17\bin32;C:\Users\olisavo\AppData\Local\Microsoft\WindowsApps;C:\Users\olisavo\AppData\Local\Programs\MiKTeX\miktex\bin\x64\;C:\Users\olisavo\AppData\Local\Programs\Microsoft VS Code\bin;C:\Program Files\Java\jdk-15.0.2\bin;
USERNAME=olisavo
OS=Windows_NT
PROCESSOR_IDENTIFIER=Intel64 Family 6 Model 142 Stepping 12, GenuineIntel



---------------  S Y S T E M  ---------------

OS:
 Windows 10 , 64 bit Build 19041 (10.0.19041.928)
OS uptime: 5 days 17:53 hours

CPU: total 8 (initial active 8) (4 cores per cpu, 2 threads per core) family 6 model 142 stepping 12 microcode 0xde, cmov, cx8, fxsr, mmx, sse, sse2, sse3, ssse3, sse4.1, sse4.2, popcnt, vzeroupper, avx, avx2, aes, clmul, erms, 3dnowpref, lzcnt, ht, tsc, tscinvbit, bmi1, bmi2, adx, fma, clflush, clflushopt

Memory: 4k page, system-wide physical 16190M (7187M free)
TotalPageFile size 21054M (AvailPageFile size 5958M)
current process WorkingSet (physical memory assigned to process): 157M, peak: 183M
current process commit charge ("private bytes"): 432M, peak: 460M

vm_info: Java HotSpot(TM) 64-Bit Server VM (15.0.2+7-27) for windows-amd64 JRE (15.0.2+7-27), built on Dec  7 2020 20:07:01 by "mach5one" with unknown MS VC++:1925

END.
